[2015.11.26-20.28.47:196][  0]Log file open, 11/26/15 21:28:47
[2015.11.26-20.28.47:196][  0]LogInit:Display: Running engine for game: SW_Project2
[2015.11.26-20.28.47:197][  0]LogInit:Display: RandInit(-2122725947) SRandInit(-2122725946).
[2015.11.26-20.28.47:197][  0]LogTaskGraph: Started task graph with 4 named threads and 5 total threads.
[2015.11.26-20.28.47:197][  0]LogStats: Stats thread started at 0.060415
[2015.11.26-20.28.47:197][  0]LogInit:Warning: Incompatible or missing module: UE4Editor-SW_Project2.dll
[2015.11.26-20.28.51:542][  0]Running C:/Program Files/Epic Games/4.9/Engine/Binaries/DotNET/UnrealBuildTool.exe SW_Project2 Development Win64 -project="C:/Users/Stoffe/Documents/GitHub/SW_Project2/SW_Project2/SW_Project2.uproject" -rocket -editorrecompile -progress -noubtmakefiles
[2015.11.26-20.31.00:458][  0]@progress push 5%
[2015.11.26-20.31.02:163][  0]Parsing headers for SW_Project2Editor
[2015.11.26-20.31.02:264][  0]  Running UnrealHeaderTool "C:/Users/Stoffe/Documents/GitHub/SW_Project2/SW_Project2/SW_Project2.uproject" "C:\Users\Stoffe\Documents\GitHub\SW_Project2\SW_Project2\Intermediate\Build\Win64\SW_Project2Editor\Development\UnrealHeaderTool.manifest" -LogCmds="loginit warning, logexit warning, logdatabase error" -rocket -installed
[2015.11.26-20.31.21:746][  0]Reflection code generated for SW_Project2Editor in 19,5122098 seconds
[2015.11.26-20.31.22:254][  0]@progress pop
[2015.11.26-20.31.25:373][  0]Performing 11 actions (2 in parallel)
[2015.11.26-20.31.26:075][  0]PCH.SW_Project2.h.cpp
[2015.11.26-20.32.24:340][  0]SW_Project2.generated.cpp
[2015.11.26-20.32.24:340][  0]SW_Project2Pawn.cpp
[2015.11.26-20.32.25:342][  0]Projectile.cpp
[2015.11.26-20.32.25:542][  0]SW_Project2GameMode.cpp
[2015.11.26-20.32.25:942][  0]Block.cpp
[2015.11.26-20.32.26:042][  0]CameraDirector.cpp
[2015.11.26-20.32.26:243][  0]MyHUD.cpp
[2015.11.26-20.32.26:443][  0]Pickup.cpp
[2015.11.26-20.32.26:543][  0]SW_Project2.cpp
[2015.11.26-20.32.26:943][  0][11/11] Link UE4Editor-SW_Project2.dll
[2015.11.26-20.32.28:245][  0]   Creating library C:\Users\Stoffe\Documents\GitHub\SW_Project2\SW_Project2\Intermediate/Build/Win64\UE4Editor\Development\UE4Editor-SW_Project2.lib and object C:\Users\Stoffe\Documents\GitHub\SW_Project2\SW_Project2\Intermediate/Build/Win64\UE4Editor\Development\UE4Editor-SW_Project2.exp
[2015.11.26-20.32.29:045][  0]-------- End Detailed Actions Stats -----------------------------------------------------------
[2015.11.26-20.32.29:147][  0]Total build time: 217,53 seconds
[2015.11.26-20.32.29:788][  0]LogInit: Version: 4.9.2-2707645+++depot+UE4-Releases+4.9
[2015.11.26-20.32.29:788][  0]LogInit: API Version: 2672455
[2015.11.26-20.32.29:788][  0]LogInit: Compiled (64-bit): Sep 28 2015 10:25:44
[2015.11.26-20.32.29:788][  0]LogInit: Compiled with Visual C++: 18.00.21005.01
[2015.11.26-20.32.29:788][  0]LogInit: Build Configuration: Development
[2015.11.26-20.32.29:788][  0]LogInit: Branch Name: ++depot+UE4-Releases+4.9
[2015.11.26-20.32.29:788][  0]LogInit: Command line:  
[2015.11.26-20.32.29:788][  0]LogInit: Base directory: C:/Program Files/Epic Games/4.9/Engine/Binaries/Win64/
[2015.11.26-20.32.29:788][  0]LogInit: Rocket: 1
[2015.11.26-20.32.29:803][  0]LogInit: Using libcurl 7.41.0
[2015.11.26-20.32.29:803][  0]LogInit:  - built for x86_64-pc-win32
[2015.11.26-20.32.29:803][  0]LogInit:  - supports SSL with WinSSL
[2015.11.26-20.32.29:803][  0]LogInit:  - other features:
[2015.11.26-20.32.29:803][  0]LogInit:      CURL_VERSION_SSL
[2015.11.26-20.32.29:803][  0]LogInit:      CURL_VERSION_IPV6
[2015.11.26-20.32.29:803][  0]LogInit:      CURL_VERSION_ASYNCHDNS
[2015.11.26-20.32.29:803][  0]LogInit:      CURL_VERSION_LARGEFILE
[2015.11.26-20.32.29:803][  0]LogInit:      CURL_VERSION_IDN
[2015.11.26-20.32.29:804][  0]LogInit:  CurlRequestOptions (configurable via config and command line):
[2015.11.26-20.32.29:804][  0]LogInit:  - bVerifyPeer = true  - Libcurl will verify peer certificate
[2015.11.26-20.32.29:804][  0]LogInit:  - bUseHttpProxy = false  - Libcurl will NOT use HTTP proxy
[2015.11.26-20.32.29:804][  0]LogInit:  - bDontReuseConnections = false  - Libcurl will reuse connections
[2015.11.26-20.32.29:804][  0]LogInit:  - CertBundlePath = nullptr  - Libcurl will use whatever was configured at build time.
[2015.11.26-20.32.29:815][  0]LogInit: Presizing for 0 objects not considered by GC, pre-allocating 0 bytes.
[2015.11.26-20.32.29:830][  0]LogInit: Object subsystem initialized
[2015.11.26-20.32.29:832][  0]LogInit: Selected Device Profile: [Windows]
[2015.11.26-20.32.29:832][  0]LogInit: Applying CVar settings loaded from the selected device profile: [Windows]
[2015.11.26-20.32.29:846][  0]LogInit: Computer: STOFFEPC
[2015.11.26-20.32.29:846][  0]LogInit: User: Stoffe
[2015.11.26-20.32.29:846][  0]LogInit: CPU Page size=4096, Cores=2
[2015.11.26-20.32.29:846][  0]LogInit: High frequency timer resolution =3.222683 MHz
[2015.11.26-20.32.29:846][  0]LogMemory: Memory total: Physical=7.9GB (8GB approx)
[2015.11.26-20.32.29:846][  0]LogMemory: Platform Memory Stats for Windows
[2015.11.26-20.32.29:846][  0]LogMemory: Process Physical Memory: 54.75 MB used, 54.75 MB peak
[2015.11.26-20.32.29:846][  0]LogMemory: Process Virtual Memory: 55.07 MB used, 55.07 MB peak
[2015.11.26-20.32.29:846][  0]LogMemory: Physical Memory: 4518.11 MB used, 8126.94 MB total
[2015.11.26-20.32.29:846][  0]LogMemory: Virtual Memory: 363.00 MB used, 134217728.00 MB total
[2015.11.26-20.32.29:885][  0]LogTextLocalizationManager: No translations for ('sv-SE') exist, falling back to 'en' for localization and internationalization data.
[2015.11.26-20.32.31:773][  0]LogD3D11RHI: Found D3D11 adapter 0: AMD Radeon HD 7800 Series (Feature Level 11_0)
[2015.11.26-20.32.31:773][  0]LogD3D11RHI: Adapter has 2030MB of dedicated video memory, 0MB of dedicated system memory, and 3840MB of shared system memory, 2 output[s]
[2015.11.26-20.32.31:778][  0]LogD3D11RHI: Found D3D11 adapter 1: Microsoft Basic Render Driver (Feature Level 11_0)
[2015.11.26-20.32.31:778][  0]LogD3D11RHI: Adapter has 0MB of dedicated video memory, 0MB of dedicated system memory, and 256MB of shared system memory, 0 output[s]
[2015.11.26-20.32.31:778][  0]LogD3D11RHI: Chosen D3D11 Adapter Id = 0
[2015.11.26-20.32.31:786][  0]LogD3D11RHI: !Direct3DDevice
[2015.11.26-20.32.31:786][  0]LogRHI: Texture pool is 1361 MB (70% of 1945 MB)
[2015.11.26-20.32.31:802][  0]LogD3D11RHI: Async texture creation disabled: no driver support
[2015.11.26-20.32.31:816][  0]LogShaderCompilers: Guid format shader working directory is 15 characters bigger than the processId version (../../../../../../Users/Stoffe/Documents/GitHub/SW_Project2/SW_Project2/Intermediate/Shaders/WorkingDirectory/4708/).
[2015.11.26-20.32.31:816][  0]LogShaderCompilers: Cleaned the shader compiler working directory '../../../../../../Users/Stoffe/Documents/GitHub/SW_Project2/SW_Project2/Intermediate/Shaders/tmp/99867C5C450D9A786BB1918B9818C556/'.
[2015.11.26-20.32.31:816][  0]LogShaderCompilers:Display: Using Local Shader Compiler.
[2015.11.26-20.32.33:859][  0]LogTemp:Display: Loaded TP AllDesktopTargetPlatform
[2015.11.26-20.32.33:868][  0]LogTemp:Display: Loaded TP WindowsClientTargetPlatform
[2015.11.26-20.32.33:875][  0]LogTemp:Display: Loaded TP WindowsNoEditorTargetPlatform
[2015.11.26-20.32.33:882][  0]LogTemp:Display: Loaded TP WindowsServerTargetPlatform
[2015.11.26-20.32.33:888][  0]LogTemp:Display: Loaded TP WindowsTargetPlatform
[2015.11.26-20.32.33:893][  0]LogTemp:Display: Loaded TP AndroidTargetPlatform
[2015.11.26-20.32.33:898][  0]LogTemp:Display: Loaded TP Android_ASTCTargetPlatform
[2015.11.26-20.32.33:901][  0]LogTemp:Display: Loaded TP Android_ATCTargetPlatform
[2015.11.26-20.32.33:905][  0]LogTemp:Display: Loaded TP Android_DXTTargetPlatform
[2015.11.26-20.32.33:909][  0]LogTemp:Display: Loaded TP Android_ETC1TargetPlatform
[2015.11.26-20.32.33:913][  0]LogTemp:Display: Loaded TP Android_ETC2TargetPlatform
[2015.11.26-20.32.33:916][  0]LogTemp:Display: Loaded TP Android_PVRTCTargetPlatform
[2015.11.26-20.32.33:917][  0]LogTemp:Display: Loaded TP HTML5TargetPlatform
[2015.11.26-20.32.33:934][  0]LogTemp:Display: Loaded TP IOSTargetPlatform
[2015.11.26-20.32.33:937][  0]LogTemp:Display: Loaded TP LinuxNoEditorTargetPlatform
[2015.11.26-20.32.33:941][  0]LogTemp:Display: Loaded TP LinuxServerTargetPlatform
[2015.11.26-20.32.33:945][  0]LogTemp:Display: Loaded TP LinuxTargetPlatform
[2015.11.26-20.32.33:945][  0]LogTargetPlatformManager:Display: Building Assets For Windows
[2015.11.26-20.32.34:037][  0]LogDerivedDataCache:Display: Max Cache Size: 512 MB
[2015.11.26-20.32.34:888][  0]LogDerivedDataCache: Loaded boot cache 0.85s 45MB C:/Users/Stoffe/AppData/Local/UnrealEngine/4.9/DerivedDataCache/Boot.ddc.
[2015.11.26-20.32.34:888][  0]LogDerivedDataCache:Display: Loaded Boot cache: C:/Users/Stoffe/AppData/Local/UnrealEngine/4.9/DerivedDataCache/Boot.ddc
[2015.11.26-20.32.34:888][  0]LogDerivedDataCache: FDerivedDataBackendGraph:  Pak pak cache file ../../../../../../Users/Stoffe/Documents/GitHub/SW_Project2/SW_Project2/DerivedDataCache/DDC.ddp not found, will not use a pak cache.
[2015.11.26-20.32.34:888][  0]LogDerivedDataCache: Unable to find inner node Pak for hierarchical cache Hierarchy.
[2015.11.26-20.32.34:889][  0]LogDerivedDataCache: FDerivedDataBackendGraph:  CompressedPak pak cache file ../../../../../../Users/Stoffe/Documents/GitHub/SW_Project2/SW_Project2/DerivedDataCache/Compressed.ddp not found, will not use a pak cache.
[2015.11.26-20.32.34:889][  0]LogDerivedDataCache: Unable to find inner node CompressedPak for hierarchical cache Hierarchy.
[2015.11.26-20.32.35:101][  0]LogDerivedDataCache:Display: Pak cache opened for reading ../../../Engine/DerivedDataCache/Compressed.ddp.
[2015.11.26-20.32.35:124][  0]LogDerivedDataCache: Using Local data cache path C:/Users/Stoffe/AppData/Local/UnrealEngine/Common/DerivedDataCache: Writable
[2015.11.26-20.32.35:369][  0]LogInit: Selected Device Profile: [Windows]
[2015.11.26-20.32.35:372][  0]LogContentStreaming: Texture pool size is 0.000000MB
[2015.11.26-20.32.35:497][  0]LogMeshUtilities: No automatic mesh reduction module available
[2015.11.26-20.32.35:497][  0]LogMeshUtilities: No automatic mesh merging module available
[2015.11.26-20.32.35:769][  0]LogInit: WinSock: version 1.1 (2.2), MaxSocks=32767, MaxUdp=65467
[2015.11.26-20.32.37:413][  0]UdpMessaging: Initializing bridge on interface 0.0.0.0:0 to multicast group 230.0.0.1:6666.
[2015.11.26-20.32.37:545][  0]LogAssetRegistry: FAssetRegistry took 0.0108 seconds to start up
[2015.11.26-20.32.37:736][  0]SourceControl: Info Source control is disabled
[2015.11.26-20.32.37:743][  0]SourceControl: Info Source control is disabled
[2015.11.26-20.32.37:794][  0]SourceControl: Info Source control is disabled
[2015.11.26-20.32.37:805][  0]SourceControl: Info Source control is disabled
[2015.11.26-20.32.37:954][  0]LogLinker:Warning: Asset '../../../Engine/Plugins/Runtime/LeapMotionController/Content/LM_PassthroughMaterial.uasset' has been saved with empty engine version. The asset will be loaded but may be incompatible.
[2015.11.26-20.32.38:040][  0]LogObj: 28554 objects as part of root set at end of initial load.
[2015.11.26-20.32.38:040][  0]LogUObjectAllocator: 6122616 out of 0 bytes used by permanent object pool.
[2015.11.26-20.32.38:098][  0]LogEngine: Initializing Engine...
[2015.11.26-20.32.38:100][  0]LogHMD: Can't find Oculus library dev build: is proper Runtime installed? Version: 0.7.0.0
[2015.11.26-20.32.38:100][  0]LogHMD: SteamVR failed to initialize.  Err: 110
[2015.11.26-20.32.38:231][  0]LogAIModule: Creating AISystem for world NewWorld
[2015.11.26-20.32.38:235][  0]LogInit: XAudio2 using 'Högtalare (Realtek High Definition Audio)' : 2 channels at 48 kHz using 32 bits per sample (channel mask 0x3)
[2015.11.26-20.32.38:243][  0]LogInit: FAudioDevice initialized.
[2015.11.26-20.32.38:263][  0]LogDerivedDataCache: Saved boot cache 0.02s 45MB C:/Users/Stoffe/AppData/Local/UnrealEngine/4.9/DerivedDataCache/Boot.ddc.
[2015.11.26-20.32.38:266][  0]LogInit: Texture streaming: Enabled
[2015.11.26-20.32.38:271][  0]LogAnalytics: Creating configured Analytics provider AnalyticsET
[2015.11.26-20.32.38:271][  0]LogAnalytics: [UEEditor.Rocket.Release] APIServer = http://et2.epicgames.com/ET2/. AppVersion = 4.9.2-2707645+++depot+UE4-Releases+4.9
[2015.11.26-20.32.38:271][  0]LogAnalytics: [UEEditor.Rocket.Release] SetUserId c2f82278409fbc7e17ba4c8b187827c0|8471e16762be488588a110ad13c08bd6|a2f24018-7849-4a41-8ec9-fa4680d0f5a7
[2015.11.26-20.32.38:271][  0]LogAnalytics: [UEEditor.Rocket.Release] AnalyticsET::StartSession
[2015.11.26-20.32.38:279][  0]LogWindowsTextInputMethodSystem:Display: IME system now deactivated.
[2015.11.26-20.32.38:314][  0]LogInit: Transaction tracking system initialized
[2015.11.26-20.32.38:340][  0]BlueprintLog: New page: Editor Load
[2015.11.26-20.32.38:550][  0]LocalizationService: Info Localization service is disabled
[2015.11.26-20.32.39:096][  0]LogConsoleResponse:Display: 
[2015.11.26-20.32.42:459][  0]LogCook:Display: Done creating registry. It took  0.00s.
[2015.11.26-20.32.42:627][  0]LogFileCache: Scanning file cache for directory 'C:/Users/Stoffe/Documents/GitHub/SW_Project2/SW_Project2/Content/' took 0.01s
[2015.11.26-20.32.42:627][  0]SourceControl: Info Source control is disabled
[2015.11.26-20.32.42:627][  0]Cmd: MAP LOAD FILE="../../../../../../Users/Stoffe/Documents/GitHub/SW_Project2/SW_Project2/Content/TransitionMap.umap" TEMPLATE=0 SHOWPROGRESS=1 FEATURELEVEL=3
[2015.11.26-20.32.42:628][  0]LightingResults: New page: Lighting Build
[2015.11.26-20.32.42:631][  0]MapCheck: New page: Map Check
[2015.11.26-20.32.42:631][  0]LightingResults: New page: Lighting Build
[2015.11.26-20.32.42:649][  0]LogParticles: Destroying 0 GPU particle simulations for FXSystem 0x0000006F5787C400
[2015.11.26-20.32.48:923][  0]LogAIModule: Creating AISystem for world TransitionMap
[2015.11.26-20.32.49:024][  0]LogEditorServer: Finished looking for orphan Actors (0.000 secs)
[2015.11.26-20.32.49:025][  0]Cmd: MAP CHECKDEP NOCLEARLOG
[2015.11.26-20.32.49:104][  0]MapCheck: Info Map check complete: 0 Error(s), 0 Warning(s), took 78.961ms to complete.
[2015.11.26-20.32.49:104][  0]LogFileHelpers: Loading map 'TransitionMap' took 6.477
[2015.11.26-20.32.49:361][  0]LogCollectionManager: Loaded 0 collections in 0.002066 seconds
[2015.11.26-20.32.49:405][  0]LogFileCache: Scanning file cache for directory 'C:/Users/Stoffe/Documents/GitHub/SW_Project2/SW_Project2/Saved/Collections/' took 0.01s
[2015.11.26-20.32.49:405][  0]LogFileCache: Scanning file cache for directory 'C:/Users/Stoffe/Documents/GitHub/SW_Project2/SW_Project2/Content/Developers/Stoffe/Collections/' took 0.01s
[2015.11.26-20.32.49:405][  0]LogFileCache: Scanning file cache for directory 'C:/Users/Stoffe/Documents/GitHub/SW_Project2/SW_Project2/Content/Collections/' took 0.01s
[2015.11.26-20.32.49:405][  0]LogContentBrowser: Native class hierarchy populated in 0.0099 seconds. Added 1874 classes and 335 folders.
[2015.11.26-20.32.49:416][  0]LogCollectionManager: Rebuilt the GUID cache for 0 collections in 0.000003 seconds
[2015.11.26-20.32.49:425][  0]LogContentBrowser: Native class hierarchy updated for 'WidgetCarousel' in 0.0017 seconds. Added 0 classes and 0 folders.
[2015.11.26-20.32.52:763][  0]LogContentBrowser: Native class hierarchy updated for 'AddContentDialog' in 0.0012 seconds. Added 0 classes and 0 folders.
[2015.11.26-20.32.52:774][  0]LogContentBrowser: Native class hierarchy updated for 'SceneOutliner' in 0.0012 seconds. Added 1 classes and 2 folders.
[2015.11.26-20.32.53:198][  0]LogCrashTracker: Crashtracker disabled due to settings.
[2015.11.26-20.32.53:202][  0]LogUObjectGlobals:Warning: Failed to find object 'Class None.'
[2015.11.26-20.32.53:225][  0]LogLoad: Full Startup: 247.06 seconds (BP compile: 0.09 seconds)
[2015.11.26-20.32.53:467][  0]LogContentStreaming: Texture pool size now 1000 MB
[2015.11.26-20.32.53:683][  0]LogRenderer: Reallocating scene render targets to support 1028x616 (Frame:2).
[2015.11.26-20.32.57:414][223]LogAssetRegistry: Asset discovery search completed in 19.8800 seconds
[2015.11.26-20.32.57:414][223]LogCollectionManager: Rebuilt the object cache for 0 collections in 0.000001 seconds (found 0 objects)
[2015.11.26-20.32.57:414][223]LogCollectionManager: Fixed up redirectors for 0 collections in 0.000036 seconds (updated 0 objects)
[2015.11.26-20.32.59:147][280]LogEditorViewport: Clicking on Actor (LMB): BlockingVolume (BlockingVolume3)
[2015.11.26-20.33.01:036][335]LogEditorViewport: Clicking on Actor (LMB): FinishBlock_BP_C (FinishBlock_BP2)
[2015.11.26-20.33.01:775][336]LogEditorViewport: Clicking on Actor (LMB): FinishBlock_BP_C (FinishBlock_BP2)
[2015.11.26-20.33.28:875][148]LogEditorViewport: Clicking on Actor (LMB): DirectionalLight (DirectionalLight2)
[2015.11.26-20.33.33:557][278]LogEditorViewport: Clicking on Actor (LMB): BP_Sky_Sphere_C (SkyShereBlueprint)
[2015.11.26-20.33.37:673][363]LogBlueprintUserMessages: Early PlayInEditor Detection: Level '/Game/TransitionMap.TransitionMap:PersistentLevel' has LevelScriptBlueprint '/Game/TransitionMap.TransitionMap:PersistentLevel.TransitionMap' with GeneratedClass '/Game/TransitionMap.TransitionMap_C' with ClassGeneratedBy '/Game/TransitionMap.TransitionMap:PersistentLevel.TransitionMap'
[2015.11.26-20.33.37:673][363]LogPlayLevel: PlayLevel: No blueprints needed recompiling
[2015.11.26-20.33.37:673][363]PIE: New page: PIE session: TransitionMap (Nov 26, 2015, 10:33:37 PM)
[2015.11.26-20.33.37:673][363]LogPlayLevel: Creating play world package: /Game/UEDPIE_0_TransitionMap
[2015.11.26-20.33.37:700][363]LogPlayLevel: PIE: StaticDuplicateObject took: (0.026488s)
[2015.11.26-20.33.37:700][363]LogAIModule: Creating AISystem for world TransitionMap
[2015.11.26-20.33.37:700][363]LogPlayLevel: PIE: World Init took: (0.000857s)
[2015.11.26-20.33.37:701][363]LogPlayLevel: PIE: Created PIE world by copying editor world from /Game/TransitionMap.TransitionMap to /Game/UEDPIE_0_TransitionMap.TransitionMap (0.027745s)
[2015.11.26-20.33.37:701][363]LogActorComponent: UnregisterComponent: (/Engine/Transient.ProjectileComp) Not registered. Aborting.
[2015.11.26-20.33.37:701][363]LogActorComponent: UnregisterComponent: (/Engine/Transient.MovementComponent0) Not registered. Aborting.
[2015.11.26-20.33.37:737][363]LogInit: XAudio2 using 'Högtalare (Realtek High Definition Audio)' : 2 channels at 48 kHz using 32 bits per sample (channel mask 0x3)
[2015.11.26-20.33.37:745][363]LogInit: FAudioDevice initialized.
[2015.11.26-20.33.37:818][363]LogWorld: Game class is 'SW_Project2GameMode'
[2015.11.26-20.33.37:885][363]LogWorld: Bringing World /Game/UEDPIE_0_TransitionMap.TransitionMap up for play (max tick rate 0) at 2015.11.26-21.33.37
[2015.11.26-20.33.37:885][363]LogActor:Warning: GameSession /Game/UEDPIE_0_TransitionMap.TransitionMap:PersistentLevel.GameSession_0 has natively added scene component(s), but none of them were set as the actor's RootComponent - picking one arbitrarily
[2015.11.26-20.33.37:885][363]LogActor:Warning: GameNetworkManager /Game/UEDPIE_0_TransitionMap.TransitionMap:PersistentLevel.GameNetworkManager_0 has natively added scene component(s), but none of them were set as the actor's RootComponent - picking one arbitrarily
[2015.11.26-20.33.37:886][363]LogWorld: Bringing up level for play took: 0.067864
[2015.11.26-20.33.37:912][363]PIE: Info Play in editor start time for /Game/UEDPIE_0_TransitionMap -0.21
[2015.11.26-20.33.37:913][363]LogBlueprintUserMessages: Late PlayInEditor Detection: Level '/Game/TransitionMap.TransitionMap:PersistentLevel' has LevelScriptBlueprint '/Game/TransitionMap.TransitionMap:PersistentLevel.TransitionMap' with GeneratedClass '/Game/TransitionMap.TransitionMap_C' with ClassGeneratedBy '/Game/TransitionMap.TransitionMap:PersistentLevel.TransitionMap'
[2015.11.26-20.33.37:956][364]LogRenderer: Reallocating scene render targets to support 1280x720 (Frame:1509).
[2015.11.26-20.33.41:816][464]LogBlueprintUserMessages: Early EndPlayMap Detection: Level '/Game/TransitionMap.TransitionMap:PersistentLevel' has LevelScriptBlueprint '/Game/TransitionMap.TransitionMap:PersistentLevel.TransitionMap' with GeneratedClass '/Game/TransitionMap.TransitionMap_C' with ClassGeneratedBy '/Game/TransitionMap.TransitionMap:PersistentLevel.TransitionMap'
[2015.11.26-20.33.41:923][464]LogBlueprintUserMessages: Late EndPlayMap Detection: Level '/Game/TransitionMap.TransitionMap:PersistentLevel' has LevelScriptBlueprint '/Game/TransitionMap.TransitionMap:PersistentLevel.TransitionMap' with GeneratedClass '/Game/TransitionMap.TransitionMap_C' with ClassGeneratedBy '/Game/TransitionMap.TransitionMap:PersistentLevel.TransitionMap'
[2015.11.26-20.33.41:954][464]LogParticles: Destroying 0 GPU particle simulations for FXSystem 0x0000006F76CD5260
[2015.11.26-20.33.43:531][485]Cmd: OBJ SAVEPACKAGE PACKAGE="/Game/TransitionMap" FILE="../../../../../../Users/Stoffe/Documents/GitHub/SW_Project2/SW_Project2/Content/TransitionMap.umap" SILENT=true AUTOSAVING=false KEEPDIRTY=false
[2015.11.26-20.33.43:847][485]LogSavePackage: Save=287.760529ms
[2015.11.26-20.33.43:847][485]LogSavePackage: Moving '../../../../../../Users/Stoffe/Documents/GitHub/SW_Project2/SW_Project2/Saved/TransitionMap2D2ECDE04A2470BA8ADADB86E7B0F5D0.tmp' to '../../../../../../Users/Stoffe/Documents/GitHub/SW_Project2/SW_Project2/Content/TransitionMap.umap'
[2015.11.26-20.33.43:850][485]LogSavePackage: Total save time: 297.374889ms
[2015.11.26-20.33.43:850][485]LogSavePackage:Warning: Finished SavePackage ../../../../../../Users/Stoffe/Documents/GitHub/SW_Project2/SW_Project2/Content/TransitionMap.umap
[2015.11.26-20.33.43:888][485]LogFileHelpers: Saving map 'TransitionMap' took 0.405
[2015.11.26-20.33.45:496][505]LogAIModule: Creating AISystem for world Map2
[2015.11.26-20.33.45:497][505]LogParticles:Warning: InitializeSystem called on an unregistered component. Template=/Game/StarterContent/Particles/light.light Component=/Game/Map2.Map2:PersistentLevel.light2_6.ParticleSystemComponent0
[2015.11.26-20.33.45:497][505]LogParticles:Warning: InitializeSystem called on an unregistered component. Template=/Game/StarterContent/Particles/light.light Component=/Game/Map2.Map2:PersistentLevel.light3_9.ParticleSystemComponent0
[2015.11.26-20.33.45:497][505]LogParticles:Warning: InitializeSystem called on an unregistered component. Template=/Game/StarterContent/Particles/light.light Component=/Game/Map2.Map2:PersistentLevel.light4_12.ParticleSystemComponent0
[2015.11.26-20.33.45:497][505]LogParticles:Warning: InitializeSystem called on an unregistered component. Template=/Game/StarterContent/Particles/light.light Component=/Game/Map2.Map2:PersistentLevel.light6_18.ParticleSystemComponent0
[2015.11.26-20.33.45:497][505]LogParticles:Warning: InitializeSystem called on an unregistered component. Template=/Game/StarterContent/Particles/light.light Component=/Game/Map2.Map2:PersistentLevel.light12_39.ParticleSystemComponent0
[2015.11.26-20.33.45:498][505]LogParticles:Warning: InitializeSystem called on an unregistered component. Template=/Game/StarterContent/Particles/light.light Component=/Game/Map2.Map2:PersistentLevel.light16.ParticleSystemComponent0
[2015.11.26-20.33.45:498][505]LogParticles:Warning: InitializeSystem called on an unregistered component. Template=/Game/StarterContent/Particles/light.light Component=/Game/Map2.Map2:PersistentLevel.light17.ParticleSystemComponent0
[2015.11.26-20.33.45:498][505]LogParticles:Warning: InitializeSystem called on an unregistered component. Template=/Game/StarterContent/Particles/light.light Component=/Game/Map2.Map2:PersistentLevel.light23.ParticleSystemComponent0
[2015.11.26-20.33.45:498][505]LogParticles:Warning: InitializeSystem called on an unregistered component. Template=/Game/StarterContent/Particles/light.light Component=/Game/Map2.Map2:PersistentLevel.light27.ParticleSystemComponent0
[2015.11.26-20.33.45:498][505]LogParticles:Warning: InitializeSystem called on an unregistered component. Template=/Game/StarterContent/Particles/light.light Component=/Game/Map2.Map2:PersistentLevel.light30.ParticleSystemComponent0
[2015.11.26-20.33.45:498][505]LogParticles:Warning: InitializeSystem called on an unregistered component. Template=/Game/StarterContent/Particles/light.light Component=/Game/Map2.Map2:PersistentLevel.light35.ParticleSystemComponent0
[2015.11.26-20.33.45:498][505]LogParticles:Warning: InitializeSystem called on an unregistered component. Template=/Game/StarterContent/Particles/light.light Component=/Game/Map2.Map2:PersistentLevel.light37.ParticleSystemComponent0
[2015.11.26-20.33.45:498][505]LogParticles:Warning: InitializeSystem called on an unregistered component. Template=/Game/StarterContent/Particles/light.light Component=/Game/Map2.Map2:PersistentLevel.light40.ParticleSystemComponent0
[2015.11.26-20.33.45:499][505]LogParticles:Warning: InitializeSystem called on an unregistered component. Template=/Game/StarterContent/Particles/light.light Component=/Game/Map2.Map2:PersistentLevel.light41.ParticleSystemComponent0
[2015.11.26-20.33.45:499][505]LogParticles:Warning: InitializeSystem called on an unregistered component. Template=/Game/StarterContent/Particles/light.light Component=/Game/Map2.Map2:PersistentLevel.light7.ParticleSystemComponent0
[2015.11.26-20.33.45:500][505]LogParticles:Warning: InitializeSystem called on an unregistered component. Template=/Game/StarterContent/Particles/light.light Component=/Game/Map2.Map2:PersistentLevel.light5.ParticleSystemComponent0
[2015.11.26-20.33.45:500][505]LogParticles:Warning: InitializeSystem called on an unregistered component. Template=/Game/StarterContent/Particles/light.light Component=/Game/Map2.Map2:PersistentLevel.light8.ParticleSystemComponent0
[2015.11.26-20.33.45:500][505]LogParticles:Warning: InitializeSystem called on an unregistered component. Template=/Game/StarterContent/Particles/light.light Component=/Game/Map2.Map2:PersistentLevel.light9.ParticleSystemComponent0
[2015.11.26-20.33.45:500][505]LogParticles:Warning: InitializeSystem called on an unregistered component. Template=/Game/StarterContent/Particles/light.light Component=/Game/Map2.Map2:PersistentLevel.light10.ParticleSystemComponent0
[2015.11.26-20.33.45:500][505]LogParticles:Warning: InitializeSystem called on an unregistered component. Template=/Game/StarterContent/Particles/light.light Component=/Game/Map2.Map2:PersistentLevel.light13.ParticleSystemComponent0
[2015.11.26-20.33.45:500][505]LogParticles:Warning: InitializeSystem called on an unregistered component. Template=/Game/StarterContent/Particles/light.light Component=/Game/Map2.Map2:PersistentLevel.light18_92.ParticleSystemComponent0
[2015.11.26-20.33.45:501][505]LogParticles:Warning: InitializeSystem called on an unregistered component. Template=/Game/StarterContent/Particles/light.light Component=/Game/Map2.Map2:PersistentLevel.light19_93.ParticleSystemComponent0
[2015.11.26-20.33.45:501][505]LogParticles:Warning: InitializeSystem called on an unregistered component. Template=/Game/StarterContent/Particles/light.light Component=/Game/Map2.Map2:PersistentLevel.light24_94.ParticleSystemComponent0
[2015.11.26-20.33.45:501][505]LogParticles:Warning: InitializeSystem called on an unregistered component. Template=/Game/StarterContent/Particles/light.light Component=/Game/Map2.Map2:PersistentLevel.light28_95.ParticleSystemComponent0
[2015.11.26-20.33.45:501][505]LogParticles:Warning: InitializeSystem called on an unregistered component. Template=/Game/StarterContent/Particles/light.light Component=/Game/Map2.Map2:PersistentLevel.light31_96.ParticleSystemComponent0
[2015.11.26-20.33.45:501][505]LogParticles:Warning: InitializeSystem called on an unregistered component. Template=/Game/StarterContent/Particles/light.light Component=/Game/Map2.Map2:PersistentLevel.light36_97.ParticleSystemComponent0
[2015.11.26-20.33.45:501][505]LogParticles:Warning: InitializeSystem called on an unregistered component. Template=/Game/StarterContent/Particles/light.light Component=/Game/Map2.Map2:PersistentLevel.light38_98.ParticleSystemComponent0
[2015.11.26-20.33.45:501][505]LogParticles:Warning: InitializeSystem called on an unregistered component. Template=/Game/StarterContent/Particles/light.light Component=/Game/Map2.Map2:PersistentLevel.light42_99.ParticleSystemComponent0
[2015.11.26-20.33.45:501][505]LogParticles:Warning: InitializeSystem called on an unregistered component. Template=/Game/StarterContent/Particles/light.light Component=/Game/Map2.Map2:PersistentLevel.light43.ParticleSystemComponent0
[2015.11.26-20.33.45:501][505]LogParticles:Warning: InitializeSystem called on an unregistered component. Template=/Game/StarterContent/Particles/light.light Component=/Game/Map2.Map2:PersistentLevel.light11.ParticleSystemComponent0
[2015.11.26-20.33.45:502][505]LogParticles:Warning: InitializeSystem called on an unregistered component. Template=/Game/StarterContent/Particles/light.light Component=/Game/Map2.Map2:PersistentLevel.light14.ParticleSystemComponent0
[2015.11.26-20.33.45:502][505]LogParticles:Warning: InitializeSystem called on an unregistered component. Template=/Game/StarterContent/Particles/light.light Component=/Game/Map2.Map2:PersistentLevel.light15_102.ParticleSystemComponent0
[2015.11.26-20.33.45:502][505]LogParticles:Warning: InitializeSystem called on an unregistered component. Template=/Game/StarterContent/Particles/light.light Component=/Game/Map2.Map2:PersistentLevel.light20_104.ParticleSystemComponent0
[2015.11.26-20.33.45:502][505]LogParticles:Warning: InitializeSystem called on an unregistered component. Template=/Game/StarterContent/Particles/light.light Component=/Game/Map2.Map2:PersistentLevel.light21_106.ParticleSystemComponent0
[2015.11.26-20.33.45:502][505]LogParticles:Warning: InitializeSystem called on an unregistered component. Template=/Game/StarterContent/Particles/light.light Component=/Game/Map2.Map2:PersistentLevel.light22_108.ParticleSystemComponent0
[2015.11.26-20.33.45:502][505]LogParticles:Warning: InitializeSystem called on an unregistered component. Template=/Game/StarterContent/Particles/light.light Component=/Game/Map2.Map2:PersistentLevel.light25_110.ParticleSystemComponent0
[2015.11.26-20.33.45:502][505]LogParticles:Warning: InitializeSystem called on an unregistered component. Template=/Game/StarterContent/Particles/light.light Component=/Game/Map2.Map2:PersistentLevel.light39_112.ParticleSystemComponent0
[2015.11.26-20.33.45:502][505]LogParticles:Warning: InitializeSystem called on an unregistered component. Template=/Game/StarterContent/Particles/light.light Component=/Game/Map2.Map2:PersistentLevel.light44.ParticleSystemComponent0
[2015.11.26-20.33.45:502][505]LogParticles:Warning: InitializeSystem called on an unregistered component. Template=/Game/StarterContent/Particles/light.light Component=/Game/Map2.Map2:PersistentLevel.light45.ParticleSystemComponent0
[2015.11.26-20.33.45:505][505]LogParticles:Warning: InitializeSystem called on an unregistered component. Template=/Game/StarterContent/Particles/light.light Component=/Game/Map2.Map2:PersistentLevel.light26_154.ParticleSystemComponent0
[2015.11.26-20.33.45:505][505]LogParticles:Warning: InitializeSystem called on an unregistered component. Template=/Game/StarterContent/Particles/light.light Component=/Game/Map2.Map2:PersistentLevel.light29_155.ParticleSystemComponent0
[2015.11.26-20.33.45:505][505]LogParticles:Warning: InitializeSystem called on an unregistered component. Template=/Game/StarterContent/Particles/light.light Component=/Game/Map2.Map2:PersistentLevel.light32_156.ParticleSystemComponent0
[2015.11.26-20.33.45:505][505]LogParticles:Warning: InitializeSystem called on an unregistered component. Template=/Game/StarterContent/Particles/light.light Component=/Game/Map2.Map2:PersistentLevel.light33_157.ParticleSystemComponent0
[2015.11.26-20.33.45:505][505]LogParticles:Warning: InitializeSystem called on an unregistered component. Template=/Game/StarterContent/Particles/light.light Component=/Game/Map2.Map2:PersistentLevel.light34_158.ParticleSystemComponent0
[2015.11.26-20.33.45:505][505]LogParticles:Warning: InitializeSystem called on an unregistered component. Template=/Game/StarterContent/Particles/light.light Component=/Game/Map2.Map2:PersistentLevel.light46.ParticleSystemComponent0
[2015.11.26-20.33.45:505][505]LogParticles:Warning: InitializeSystem called on an unregistered component. Template=/Game/StarterContent/Particles/light.light Component=/Game/Map2.Map2:PersistentLevel.light47.ParticleSystemComponent0
[2015.11.26-20.33.45:505][505]LogParticles:Warning: InitializeSystem called on an unregistered component. Template=/Game/StarterContent/Particles/light.light Component=/Game/Map2.Map2:PersistentLevel.light48.ParticleSystemComponent0
[2015.11.26-20.33.45:505][505]LogParticles:Warning: InitializeSystem called on an unregistered component. Template=/Game/StarterContent/Particles/light.light Component=/Game/Map2.Map2:PersistentLevel.light49.ParticleSystemComponent0
[2015.11.26-20.33.45:506][505]LogParticles:Warning: InitializeSystem called on an unregistered component. Template=/Game/StarterContent/Particles/light.light Component=/Game/Map2.Map2:PersistentLevel.light50.ParticleSystemComponent0
[2015.11.26-20.33.45:506][505]LogParticles:Warning: InitializeSystem called on an unregistered component. Template=/Game/StarterContent/Particles/light.light Component=/Game/Map2.Map2:PersistentLevel.light51.ParticleSystemComponent0
[2015.11.26-20.33.45:506][505]LogParticles:Warning: InitializeSystem called on an unregistered component. Template=/Game/StarterContent/Particles/light.light Component=/Game/Map2.Map2:PersistentLevel.light52.ParticleSystemComponent0
[2015.11.26-20.33.45:506][505]LogParticles:Warning: InitializeSystem called on an unregistered component. Template=/Game/StarterContent/Particles/light.light Component=/Game/Map2.Map2:PersistentLevel.light53.ParticleSystemComponent0
[2015.11.26-20.33.45:506][505]LogParticles:Warning: InitializeSystem called on an unregistered component. Template=/Game/StarterContent/Particles/light.light Component=/Game/Map2.Map2:PersistentLevel.light54.ParticleSystemComponent0
[2015.11.26-20.33.45:506][505]LogParticles:Warning: InitializeSystem called on an unregistered component. Template=/Game/StarterContent/Particles/light.light Component=/Game/Map2.Map2:PersistentLevel.light55.ParticleSystemComponent0
[2015.11.26-20.33.45:506][505]LogParticles:Warning: InitializeSystem called on an unregistered component. Template=/Game/StarterContent/Particles/light.light Component=/Game/Map2.Map2:PersistentLevel.light56.ParticleSystemComponent0
[2015.11.26-20.33.45:506][505]LogParticles:Warning: InitializeSystem called on an unregistered component. Template=/Game/StarterContent/Particles/light.light Component=/Game/Map2.Map2:PersistentLevel.light57.ParticleSystemComponent0
[2015.11.26-20.33.45:506][505]LogParticles:Warning: InitializeSystem called on an unregistered component. Template=/Game/StarterContent/Particles/light.light Component=/Game/Map2.Map2:PersistentLevel.light58.ParticleSystemComponent0
[2015.11.26-20.33.45:506][505]LogParticles:Warning: InitializeSystem called on an unregistered component. Template=/Game/StarterContent/Particles/light.light Component=/Game/Map2.Map2:PersistentLevel.light59.ParticleSystemComponent0
[2015.11.26-20.33.45:507][505]LogParticles:Warning: InitializeSystem called on an unregistered component. Template=/Game/StarterContent/Particles/light.light Component=/Game/Map2.Map2:PersistentLevel.light60.ParticleSystemComponent0
[2015.11.26-20.33.45:507][505]LogParticles:Warning: InitializeSystem called on an unregistered component. Template=/Game/StarterContent/Particles/light.light Component=/Game/Map2.Map2:PersistentLevel.light61.ParticleSystemComponent0
[2015.11.26-20.33.45:507][505]LogParticles:Warning: InitializeSystem called on an unregistered component. Template=/Game/StarterContent/Particles/light.light Component=/Game/Map2.Map2:PersistentLevel.light62.ParticleSystemComponent0
[2015.11.26-20.33.45:507][505]LogParticles:Warning: InitializeSystem called on an unregistered component. Template=/Game/StarterContent/Particles/light.light Component=/Game/Map2.Map2:PersistentLevel.light63.ParticleSystemComponent0
[2015.11.26-20.33.45:507][505]LogParticles:Warning: InitializeSystem called on an unregistered component. Template=/Game/StarterContent/Particles/light.light Component=/Game/Map2.Map2:PersistentLevel.light64.ParticleSystemComponent0
[2015.11.26-20.33.45:507][505]LogParticles:Warning: InitializeSystem called on an unregistered component. Template=/Game/StarterContent/Particles/light.light Component=/Game/Map2.Map2:PersistentLevel.light65.ParticleSystemComponent0
[2015.11.26-20.33.45:507][505]LogParticles:Warning: InitializeSystem called on an unregistered component. Template=/Game/StarterContent/Particles/light.light Component=/Game/Map2.Map2:PersistentLevel.light66.ParticleSystemComponent0
[2015.11.26-20.33.45:507][505]LogParticles:Warning: InitializeSystem called on an unregistered component. Template=/Game/StarterContent/Particles/light.light Component=/Game/Map2.Map2:PersistentLevel.light67.ParticleSystemComponent0
[2015.11.26-20.33.45:508][505]LogParticles:Warning: InitializeSystem called on an unregistered component. Template=/Game/StarterContent/Particles/light.light Component=/Game/Map2.Map2:PersistentLevel.light68.ParticleSystemComponent0
[2015.11.26-20.33.45:508][505]LogParticles:Warning: InitializeSystem called on an unregistered component. Template=/Game/StarterContent/Particles/light.light Component=/Game/Map2.Map2:PersistentLevel.light69.ParticleSystemComponent0
[2015.11.26-20.33.45:508][505]LogParticles:Warning: InitializeSystem called on an unregistered component. Template=/Game/StarterContent/Particles/light.light Component=/Game/Map2.Map2:PersistentLevel.light70.ParticleSystemComponent0
[2015.11.26-20.33.45:508][505]LogParticles:Warning: InitializeSystem called on an unregistered component. Template=/Game/StarterContent/Particles/light.light Component=/Game/Map2.Map2:PersistentLevel.light71.ParticleSystemComponent0
[2015.11.26-20.33.45:508][505]LogParticles:Warning: InitializeSystem called on an unregistered component. Template=/Game/StarterContent/Particles/light.light Component=/Game/Map2.Map2:PersistentLevel.light72.ParticleSystemComponent0
[2015.11.26-20.33.45:508][505]LogParticles:Warning: InitializeSystem called on an unregistered component. Template=/Game/StarterContent/Particles/light.light Component=/Game/Map2.Map2:PersistentLevel.light73.ParticleSystemComponent0
[2015.11.26-20.33.45:508][505]LogParticles:Warning: InitializeSystem called on an unregistered component. Template=/Game/StarterContent/Particles/light.light Component=/Game/Map2.Map2:PersistentLevel.light74.ParticleSystemComponent0
[2015.11.26-20.33.45:508][505]LogParticles:Warning: InitializeSystem called on an unregistered component. Template=/Game/StarterContent/Particles/light.light Component=/Game/Map2.Map2:PersistentLevel.light75.ParticleSystemComponent0
[2015.11.26-20.33.45:509][505]LogParticles:Warning: InitializeSystem called on an unregistered component. Template=/Game/StarterContent/Particles/light.light Component=/Game/Map2.Map2:PersistentLevel.light76.ParticleSystemComponent0
[2015.11.26-20.33.45:509][505]LogParticles:Warning: InitializeSystem called on an unregistered component. Template=/Game/StarterContent/Particles/light.light Component=/Game/Map2.Map2:PersistentLevel.light77.ParticleSystemComponent0
[2015.11.26-20.33.45:509][505]LogParticles:Warning: InitializeSystem called on an unregistered component. Template=/Game/StarterContent/Particles/light.light Component=/Game/Map2.Map2:PersistentLevel.light78.ParticleSystemComponent0
[2015.11.26-20.33.45:509][505]LogParticles:Warning: InitializeSystem called on an unregistered component. Template=/Game/StarterContent/Particles/light.light Component=/Game/Map2.Map2:PersistentLevel.light79.ParticleSystemComponent0
[2015.11.26-20.33.45:509][505]LogParticles:Warning: InitializeSystem called on an unregistered component. Template=/Game/StarterContent/Particles/light.light Component=/Game/Map2.Map2:PersistentLevel.light80.ParticleSystemComponent0
[2015.11.26-20.33.45:509][505]LogParticles:Warning: InitializeSystem called on an unregistered component. Template=/Game/StarterContent/Particles/light.light Component=/Game/Map2.Map2:PersistentLevel.light81.ParticleSystemComponent0
[2015.11.26-20.33.45:510][505]LogParticles:Warning: InitializeSystem called on an unregistered component. Template=/Game/StarterContent/Particles/light.light Component=/Game/Map2.Map2:PersistentLevel.light82.ParticleSystemComponent0
[2015.11.26-20.33.45:510][505]LogParticles:Warning: InitializeSystem called on an unregistered component. Template=/Game/StarterContent/Particles/light.light Component=/Game/Map2.Map2:PersistentLevel.light83.ParticleSystemComponent0
[2015.11.26-20.33.45:510][505]LogParticles:Warning: InitializeSystem called on an unregistered component. Template=/Game/StarterContent/Particles/light.light Component=/Game/Map2.Map2:PersistentLevel.light84.ParticleSystemComponent0
[2015.11.26-20.33.45:510][505]LogParticles:Warning: InitializeSystem called on an unregistered component. Template=/Game/StarterContent/Particles/light.light Component=/Game/Map2.Map2:PersistentLevel.light85.ParticleSystemComponent0
[2015.11.26-20.33.45:510][505]LogParticles:Warning: InitializeSystem called on an unregistered component. Template=/Game/StarterContent/Particles/light.light Component=/Game/Map2.Map2:PersistentLevel.light86.ParticleSystemComponent0
[2015.11.26-20.33.45:510][505]LogParticles:Warning: InitializeSystem called on an unregistered component. Template=/Game/StarterContent/Particles/light.light Component=/Game/Map2.Map2:PersistentLevel.light87.ParticleSystemComponent0
[2015.11.26-20.33.45:510][505]LogParticles:Warning: InitializeSystem called on an unregistered component. Template=/Game/StarterContent/Particles/light.light Component=/Game/Map2.Map2:PersistentLevel.light88.ParticleSystemComponent0
[2015.11.26-20.33.45:510][505]LogParticles:Warning: InitializeSystem called on an unregistered component. Template=/Game/StarterContent/Particles/light.light Component=/Game/Map2.Map2:PersistentLevel.light89.ParticleSystemComponent0
[2015.11.26-20.33.45:510][505]LogParticles:Warning: InitializeSystem called on an unregistered component. Template=/Game/StarterContent/Particles/light.light Component=/Game/Map2.Map2:PersistentLevel.light90.ParticleSystemComponent0
[2015.11.26-20.33.45:511][505]LogParticles:Warning: InitializeSystem called on an unregistered component. Template=/Game/StarterContent/Particles/light.light Component=/Game/Map2.Map2:PersistentLevel.light91.ParticleSystemComponent0
[2015.11.26-20.33.45:511][505]LogParticles:Warning: InitializeSystem called on an unregistered component. Template=/Game/StarterContent/Particles/light.light Component=/Game/Map2.Map2:PersistentLevel.light92.ParticleSystemComponent0
[2015.11.26-20.33.45:511][505]LogParticles:Warning: InitializeSystem called on an unregistered component. Template=/Game/StarterContent/Particles/light.light Component=/Game/Map2.Map2:PersistentLevel.light93.ParticleSystemComponent0
[2015.11.26-20.33.45:511][505]LogParticles:Warning: InitializeSystem called on an unregistered component. Template=/Game/StarterContent/Particles/light.light Component=/Game/Map2.Map2:PersistentLevel.light94.ParticleSystemComponent0
[2015.11.26-20.33.45:511][505]LogParticles:Warning: InitializeSystem called on an unregistered component. Template=/Game/StarterContent/Particles/light.light Component=/Game/Map2.Map2:PersistentLevel.light95.ParticleSystemComponent0
[2015.11.26-20.33.45:511][505]LogParticles:Warning: InitializeSystem called on an unregistered component. Template=/Game/StarterContent/Particles/light.light Component=/Game/Map2.Map2:PersistentLevel.light96.ParticleSystemComponent0
[2015.11.26-20.33.45:511][505]LogParticles:Warning: InitializeSystem called on an unregistered component. Template=/Game/StarterContent/Particles/light.light Component=/Game/Map2.Map2:PersistentLevel.light97.ParticleSystemComponent0
[2015.11.26-20.33.45:511][505]LogParticles:Warning: InitializeSystem called on an unregistered component. Template=/Game/StarterContent/Particles/light.light Component=/Game/Map2.Map2:PersistentLevel.light98.ParticleSystemComponent0
[2015.11.26-20.33.45:511][505]LogParticles:Warning: InitializeSystem called on an unregistered component. Template=/Game/StarterContent/Particles/light.light Component=/Game/Map2.Map2:PersistentLevel.light99.ParticleSystemComponent0
[2015.11.26-20.33.45:512][505]LogParticles:Warning: InitializeSystem called on an unregistered component. Template=/Game/StarterContent/Particles/light.light Component=/Game/Map2.Map2:PersistentLevel.light100.ParticleSystemComponent0
[2015.11.26-20.33.45:512][505]LogParticles:Warning: InitializeSystem called on an unregistered component. Template=/Game/StarterContent/Particles/light.light Component=/Game/Map2.Map2:PersistentLevel.light101.ParticleSystemComponent0
[2015.11.26-20.33.45:512][505]LogParticles:Warning: InitializeSystem called on an unregistered component. Template=/Game/StarterContent/Particles/light.light Component=/Game/Map2.Map2:PersistentLevel.light102.ParticleSystemComponent0
[2015.11.26-20.33.45:512][505]LogParticles:Warning: InitializeSystem called on an unregistered component. Template=/Game/StarterContent/Particles/light.light Component=/Game/Map2.Map2:PersistentLevel.light103.ParticleSystemComponent0
[2015.11.26-20.33.45:512][505]LogParticles:Warning: InitializeSystem called on an unregistered component. Template=/Game/StarterContent/Particles/light.light Component=/Game/Map2.Map2:PersistentLevel.light104.ParticleSystemComponent0
[2015.11.26-20.33.45:512][505]LogParticles:Warning: InitializeSystem called on an unregistered component. Template=/Game/StarterContent/Particles/light.light Component=/Game/Map2.Map2:PersistentLevel.light105.ParticleSystemComponent0
[2015.11.26-20.33.45:512][505]LogParticles:Warning: InitializeSystem called on an unregistered component. Template=/Game/StarterContent/Particles/light.light Component=/Game/Map2.Map2:PersistentLevel.light106.ParticleSystemComponent0
[2015.11.26-20.33.45:512][505]LogParticles:Warning: InitializeSystem called on an unregistered component. Template=/Game/StarterContent/Particles/light.light Component=/Game/Map2.Map2:PersistentLevel.light107.ParticleSystemComponent0
[2015.11.26-20.33.45:512][505]LogParticles:Warning: InitializeSystem called on an unregistered component. Template=/Game/StarterContent/Particles/light.light Component=/Game/Map2.Map2:PersistentLevel.light108.ParticleSystemComponent0
[2015.11.26-20.33.45:513][505]LogParticles:Warning: InitializeSystem called on an unregistered component. Template=/Game/StarterContent/Particles/light.light Component=/Game/Map2.Map2:PersistentLevel.light109.ParticleSystemComponent0
[2015.11.26-20.33.45:513][505]LogParticles:Warning: InitializeSystem called on an unregistered component. Template=/Game/StarterContent/Particles/light.light Component=/Game/Map2.Map2:PersistentLevel.light110.ParticleSystemComponent0
[2015.11.26-20.33.45:513][505]LogParticles:Warning: InitializeSystem called on an unregistered component. Template=/Game/StarterContent/Particles/light.light Component=/Game/Map2.Map2:PersistentLevel.light111.ParticleSystemComponent0
[2015.11.26-20.33.45:513][505]LogParticles:Warning: InitializeSystem called on an unregistered component. Template=/Game/StarterContent/Particles/light.light Component=/Game/Map2.Map2:PersistentLevel.light112.ParticleSystemComponent0
[2015.11.26-20.33.45:513][505]LogParticles:Warning: InitializeSystem called on an unregistered component. Template=/Game/StarterContent/Particles/light.light Component=/Game/Map2.Map2:PersistentLevel.light113.ParticleSystemComponent0
[2015.11.26-20.33.45:513][505]LogParticles:Warning: InitializeSystem called on an unregistered component. Template=/Game/StarterContent/Particles/light.light Component=/Game/Map2.Map2:PersistentLevel.light114.ParticleSystemComponent0
[2015.11.26-20.33.45:513][505]LogParticles:Warning: InitializeSystem called on an unregistered component. Template=/Game/StarterContent/Particles/light.light Component=/Game/Map2.Map2:PersistentLevel.light115.ParticleSystemComponent0
[2015.11.26-20.33.45:513][505]LogParticles:Warning: InitializeSystem called on an unregistered component. Template=/Game/StarterContent/Particles/light.light Component=/Game/Map2.Map2:PersistentLevel.light116.ParticleSystemComponent0
[2015.11.26-20.33.45:513][505]LogParticles:Warning: InitializeSystem called on an unregistered component. Template=/Game/StarterContent/Particles/light.light Component=/Game/Map2.Map2:PersistentLevel.light117.ParticleSystemComponent0
[2015.11.26-20.33.45:514][505]LogParticles:Warning: InitializeSystem called on an unregistered component. Template=/Game/StarterContent/Particles/light.light Component=/Game/Map2.Map2:PersistentLevel.light118.ParticleSystemComponent0
[2015.11.26-20.33.45:514][505]LogParticles:Warning: InitializeSystem called on an unregistered component. Template=/Game/StarterContent/Particles/light.light Component=/Game/Map2.Map2:PersistentLevel.light119.ParticleSystemComponent0
[2015.11.26-20.33.45:514][505]LogParticles:Warning: InitializeSystem called on an unregistered component. Template=/Game/StarterContent/Particles/light.light Component=/Game/Map2.Map2:PersistentLevel.light120.ParticleSystemComponent0
[2015.11.26-20.33.45:514][505]LogParticles:Warning: InitializeSystem called on an unregistered component. Template=/Game/StarterContent/Particles/light.light Component=/Game/Map2.Map2:PersistentLevel.light121.ParticleSystemComponent0
[2015.11.26-20.33.45:514][505]LogParticles:Warning: InitializeSystem called on an unregistered component. Template=/Game/StarterContent/Particles/light.light Component=/Game/Map2.Map2:PersistentLevel.light122.ParticleSystemComponent0
[2015.11.26-20.33.45:514][505]LogParticles:Warning: InitializeSystem called on an unregistered component. Template=/Game/StarterContent/Particles/light.light Component=/Game/Map2.Map2:PersistentLevel.light123.ParticleSystemComponent0
[2015.11.26-20.33.45:514][505]LogParticles:Warning: InitializeSystem called on an unregistered component. Template=/Game/StarterContent/Particles/light.light Component=/Game/Map2.Map2:PersistentLevel.light124.ParticleSystemComponent0
[2015.11.26-20.33.45:514][505]LogParticles:Warning: InitializeSystem called on an unregistered component. Template=/Game/StarterContent/Particles/light.light Component=/Game/Map2.Map2:PersistentLevel.light125.ParticleSystemComponent0
[2015.11.26-20.33.45:514][505]LogParticles:Warning: InitializeSystem called on an unregistered component. Template=/Game/StarterContent/Particles/light.light Component=/Game/Map2.Map2:PersistentLevel.light126.ParticleSystemComponent0
[2015.11.26-20.33.45:515][505]LogParticles:Warning: InitializeSystem called on an unregistered component. Template=/Game/StarterContent/Particles/light.light Component=/Game/Map2.Map2:PersistentLevel.light127.ParticleSystemComponent0
[2015.11.26-20.33.45:515][505]LogParticles:Warning: InitializeSystem called on an unregistered component. Template=/Game/StarterContent/Particles/light.light Component=/Game/Map2.Map2:PersistentLevel.light128.ParticleSystemComponent0
[2015.11.26-20.33.45:515][505]LogParticles:Warning: InitializeSystem called on an unregistered component. Template=/Game/StarterContent/Particles/light.light Component=/Game/Map2.Map2:PersistentLevel.light129.ParticleSystemComponent0
[2015.11.26-20.33.45:515][505]LogParticles:Warning: InitializeSystem called on an unregistered component. Template=/Game/StarterContent/Particles/light.light Component=/Game/Map2.Map2:PersistentLevel.light130.ParticleSystemComponent0
[2015.11.26-20.33.45:515][505]LogParticles:Warning: InitializeSystem called on an unregistered component. Template=/Game/StarterContent/Particles/light.light Component=/Game/Map2.Map2:PersistentLevel.light131.ParticleSystemComponent0
[2015.11.26-20.33.45:515][505]LogParticles:Warning: InitializeSystem called on an unregistered component. Template=/Game/StarterContent/Particles/light.light Component=/Game/Map2.Map2:PersistentLevel.light132.ParticleSystemComponent0
[2015.11.26-20.33.45:515][505]LogParticles:Warning: InitializeSystem called on an unregistered component. Template=/Game/StarterContent/Particles/light.light Component=/Game/Map2.Map2:PersistentLevel.light133.ParticleSystemComponent0
[2015.11.26-20.33.45:515][505]LogParticles:Warning: InitializeSystem called on an unregistered component. Template=/Game/StarterContent/Particles/light.light Component=/Game/Map2.Map2:PersistentLevel.light134.ParticleSystemComponent0
[2015.11.26-20.33.45:515][505]LogParticles:Warning: InitializeSystem called on an unregistered component. Template=/Game/StarterContent/Particles/light.light Component=/Game/Map2.Map2:PersistentLevel.light135.ParticleSystemComponent0
[2015.11.26-20.33.45:516][505]LogParticles:Warning: InitializeSystem called on an unregistered component. Template=/Game/StarterContent/Particles/light.light Component=/Game/Map2.Map2:PersistentLevel.light136.ParticleSystemComponent0
[2015.11.26-20.33.45:516][505]LogParticles:Warning: InitializeSystem called on an unregistered component. Template=/Game/StarterContent/Particles/light.light Component=/Game/Map2.Map2:PersistentLevel.light137.ParticleSystemComponent0
[2015.11.26-20.33.45:516][505]LogParticles:Warning: InitializeSystem called on an unregistered component. Template=/Game/StarterContent/Particles/light.light Component=/Game/Map2.Map2:PersistentLevel.light138.ParticleSystemComponent0
[2015.11.26-20.33.45:516][505]LogParticles:Warning: InitializeSystem called on an unregistered component. Template=/Game/StarterContent/Particles/light.light Component=/Game/Map2.Map2:PersistentLevel.light139.ParticleSystemComponent0
[2015.11.26-20.33.45:523][505]LogActorComponent: UnregisterComponent: (/Engine/Transient.ProjectileComp) Not registered. Aborting.
[2015.11.26-20.33.45:552][505]Cmd: MAP LOAD FILE="../../../../../../Users/Stoffe/Documents/GitHub/SW_Project2/SW_Project2/Content/Map2.umap" TEMPLATE=0 SHOWPROGRESS=1 FEATURELEVEL=3
[2015.11.26-20.33.45:552][505]LightingResults: New page: Lighting Build
[2015.11.26-20.33.45:576][505]LoadErrors: New page: Loading map: Map2.umap
[2015.11.26-20.33.45:581][505]MapCheck: New page: Map Check
[2015.11.26-20.33.45:581][505]LightingResults: New page: Lighting Build
[2015.11.26-20.33.45:603][505]LogParticles: Destroying 0 GPU particle simulations for FXSystem 0x0000006F49246DE0
[2015.11.26-20.33.45:676][505]LogEditorServer: Finished looking for orphan Actors (0.000 secs)
[2015.11.26-20.33.45:717][505]Cmd: MAP CHECKDEP NOCLEARLOG
[2015.11.26-20.33.45:764][505]MapCheck: Info Map check complete: 0 Error(s), 0 Warning(s), took 47.566ms to complete.
[2015.11.26-20.33.45:766][505]LogFileHelpers: Loading map 'Map2' took 0.218
[2015.11.26-20.34.11:988][475]LogEditorViewport: Clicking on Actor (LMB): BP_Sky_Sphere_C (SkyShereBlueprint)
[2015.11.26-20.34.17:056][603]LogBlueprintUserMessages: Early PlayInEditor Detection: Level '/Game/Map2.Map2:PersistentLevel' has LevelScriptBlueprint '/Game/Map2.Map2:PersistentLevel.Map2' with GeneratedClass '/Game/Map2.Map2_C' with ClassGeneratedBy '/Game/Map2.Map2:PersistentLevel.Map2'
[2015.11.26-20.34.17:056][603]LogPlayLevel: PlayLevel: No blueprints needed recompiling
[2015.11.26-20.34.17:056][603]PIE: New page: PIE session: Map2 (Nov 26, 2015, 10:34:17 PM)
[2015.11.26-20.34.17:056][603]LogPlayLevel: Creating play world package: /Game/UEDPIE_0_Map2
[2015.11.26-20.34.17:085][603]LogPlayLevel: PIE: StaticDuplicateObject took: (0.028982s)
[2015.11.26-20.34.17:086][603]LogAIModule: Creating AISystem for world Map2
[2015.11.26-20.34.17:086][603]LogPlayLevel: PIE: World Init took: (0.000779s)
[2015.11.26-20.34.17:086][603]LogPlayLevel: PIE: Created PIE world by copying editor world from /Game/Map2.Map2 to /Game/UEDPIE_0_Map2.Map2 (0.030142s)
[2015.11.26-20.34.17:086][603]LogActorComponent: UnregisterComponent: (/Engine/Transient.ProjectileComp) Not registered. Aborting.
[2015.11.26-20.34.17:087][603]LogActorComponent: UnregisterComponent: (/Engine/Transient.MovementComponent0) Not registered. Aborting.
[2015.11.26-20.34.17:112][603]LogInit: XAudio2 using 'Högtalare (Realtek High Definition Audio)' : 2 channels at 48 kHz using 32 bits per sample (channel mask 0x3)
[2015.11.26-20.34.17:119][603]LogInit: FAudioDevice initialized.
[2015.11.26-20.34.17:173][603]LogWorld: Game class is 'SW_Project2GameMode'
[2015.11.26-20.34.17:235][603]LogWorld: Bringing World /Game/UEDPIE_0_Map2.Map2 up for play (max tick rate 0) at 2015.11.26-21.34.17
[2015.11.26-20.34.17:235][603]LogActor:Warning: GameSession /Game/UEDPIE_0_Map2.Map2:PersistentLevel.GameSession_1 has natively added scene component(s), but none of them were set as the actor's RootComponent - picking one arbitrarily
[2015.11.26-20.34.17:235][603]LogActor:Warning: GameNetworkManager /Game/UEDPIE_0_Map2.Map2:PersistentLevel.GameNetworkManager_1 has natively added scene component(s), but none of them were set as the actor's RootComponent - picking one arbitrarily
[2015.11.26-20.34.17:237][603]LogWorld: Bringing up level for play took: 0.063543
[2015.11.26-20.34.17:264][603]PIE: Info Play in editor start time for /Game/UEDPIE_0_Map2 1.141
[2015.11.26-20.34.17:264][603]LogBlueprintUserMessages: Late PlayInEditor Detection: Level '/Game/Map2.Map2:PersistentLevel' has LevelScriptBlueprint '/Game/Map2.Map2:PersistentLevel.Map2' with GeneratedClass '/Game/Map2.Map2_C' with ClassGeneratedBy '/Game/Map2.Map2:PersistentLevel.Map2'
[2015.11.26-20.34.22:803][739]LogBlueprintUserMessages: Early EndPlayMap Detection: Level '/Game/Map2.Map2:PersistentLevel' has LevelScriptBlueprint '/Game/Map2.Map2:PersistentLevel.Map2' with GeneratedClass '/Game/Map2.Map2_C' with ClassGeneratedBy '/Game/Map2.Map2:PersistentLevel.Map2'
[2015.11.26-20.34.22:901][739]LogBlueprintUserMessages: Late EndPlayMap Detection: Level '/Game/Map2.Map2:PersistentLevel' has LevelScriptBlueprint '/Game/Map2.Map2:PersistentLevel.Map2' with GeneratedClass '/Game/Map2.Map2_C' with ClassGeneratedBy '/Game/Map2.Map2:PersistentLevel.Map2'
[2015.11.26-20.34.22:928][739]LogParticles: Destroying 0 GPU particle simulations for FXSystem 0x0000006F680F93A0
[2015.11.26-20.34.25:452][789]Cmd: SELECT NONE
[2015.11.26-20.34.58:186][ 46]LogVSAccessor:Warning: Couldn't goto line number '0' in 'C:/Users/Stoffe/Documents/GitHub/SW_Project2/SW_Project2/Source/SW_Project2/Projectile.h'
[2015.11.26-20.34.58:735][ 46]LogVSAccessor:Warning: Couldn't goto line number '0' in 'C:/Users/Stoffe/Documents/GitHub/SW_Project2/SW_Project2/Source/SW_Project2/Projectile.cpp'
[2015.11.26-20.35.19:587][156]LogActorComponent: UnregisterComponent: (/Engine/Transient.ProjectileComp) Not registered. Aborting.
[2015.11.26-20.35.19:736][156]Cmd: OBJ SAVEPACKAGE PACKAGE="/Game/Map2" FILE="../../../../../../Users/Stoffe/Documents/GitHub/SW_Project2/SW_Project2/Content/Map2.umap" SILENT=true AUTOSAVING=false KEEPDIRTY=false
[2015.11.26-20.35.20:182][156]LogSavePackage: Save=340.915009ms
[2015.11.26-20.35.20:182][156]LogSavePackage: Moving '../../../../../../Users/Stoffe/Documents/GitHub/SW_Project2/SW_Project2/Saved/Map2C632687549CDADB77051C98DF12AED8C.tmp' to '../../../../../../Users/Stoffe/Documents/GitHub/SW_Project2/SW_Project2/Content/Map2.umap'
[2015.11.26-20.35.20:184][156]LogSavePackage: Total save time: 353.335403ms
[2015.11.26-20.35.20:184][156]LogSavePackage:Warning: Finished SavePackage ../../../../../../Users/Stoffe/Documents/GitHub/SW_Project2/SW_Project2/Content/Map2.umap
[2015.11.26-20.35.20:236][156]LogFileHelpers: Saving map 'Map2' took 0.548
[2015.11.26-20.35.21:901][176]LogWindowsTextInputMethodSystem:Display: IME system now deactivated.
[2015.11.26-20.35.22:178][177]Cmd: QUIT_EDITOR
[2015.11.26-20.35.22:970][177]LogExit: Preparing to exit.
[2015.11.26-20.35.23:625][177]LogExit: Editor shut down
[2015.11.26-20.35.23:626][177]LogExit: Transaction tracking system shut down
[2015.11.26-20.35.23:628][177]LogParticles: Destroying 0 GPU particle simulations for FXSystem 0x0000006F49A625C0
[2015.11.26-20.35.23:628][177]LogParticles: Destroying 0 GPU particle simulations for FXSystem 0x0000006F5BFBB880
[2015.11.26-20.35.23:628][177]LogParticles: Destroying 0 GPU particle simulations for FXSystem 0x0000006F47E42AC0
[2015.11.26-20.35.23:628][177]LogParticles: Destroying 0 GPU particle simulations for FXSystem 0x0000006F5DBA5EE0
[2015.11.26-20.35.23:806][177]LogExit: Object subsystem successfully closed.
[2015.11.26-20.35.23:819][177]LogD3D11RHI: Shutdown
[2015.11.26-20.35.23:819][177]LogD3D11RHI: CleanupD3DDevice
[2015.11.26-20.35.23:896][177]LogD3D11RHI: ~FD3D11DynamicRHI
[2015.11.26-20.35.23:915][177]LogModuleManager: Shutting down and abandoning module CrashTracker (198)
[2015.11.26-20.35.23:915][177]LogModuleManager: Shutting down and abandoning module SceneOutliner (197)
[2015.11.26-20.35.23:915][177]LogModuleManager: Shutting down and abandoning module SuperSearch (196)
[2015.11.26-20.35.23:915][177]LogModuleManager: Shutting down and abandoning module WidgetCarousel (195)
[2015.11.26-20.35.23:915][177]LogModuleManager: Shutting down and abandoning module AddContentDialog (194)
[2015.11.26-20.35.23:916][177]LogModuleManager: Shutting down and abandoning module EditorWidgets (193)
[2015.11.26-20.35.23:916][177]LogModuleManager: Shutting down and abandoning module CollectionManager (192)
[2015.11.26-20.35.23:916][177]LogModuleManager: Shutting down and abandoning module StatsViewer (191)
[2015.11.26-20.35.23:916][177]LogModuleManager: Shutting down and abandoning module FoliageEdit (190)
[2015.11.26-20.35.23:916][177]LogModuleManager: Shutting down and abandoning module LandscapeEditor (189)
[2015.11.26-20.35.23:917][177]LogModuleManager: Shutting down and abandoning module ActorPickerMode (188)
[2015.11.26-20.35.23:917][177]LogModuleManager: Shutting down and abandoning module GeometryMode (187)
[2015.11.26-20.35.23:917][177]LogModuleManager: Shutting down and abandoning module TextureAlignMode (186)
[2015.11.26-20.35.23:917][177]LogModuleManager: Shutting down and abandoning module BspMode (185)
[2015.11.26-20.35.23:917][177]LogModuleManager: Shutting down and abandoning module PlacementMode (184)
[2015.11.26-20.35.23:917][177]LogModuleManager: Shutting down and abandoning module AutomationWorker (183)
[2015.11.26-20.35.23:917][177]LogModuleManager: Shutting down and abandoning module CharacterAI (182)
[2015.11.26-20.35.23:917][177]LogModuleManager: Shutting down and abandoning module SmartSnapping (181)
[2015.11.26-20.35.23:917][177]LogModuleManager: Shutting down and abandoning module ViewportSnapping (180)
[2015.11.26-20.35.23:917][177]LogModuleManager: Shutting down and abandoning module LogVisualizer (179)
[2015.11.26-20.35.23:917][177]LogModuleManager: Shutting down and abandoning module GameProjectGeneration (178)
[2015.11.26-20.35.23:917][177]LogModuleManager: Shutting down and abandoning module IntroTutorials (177)
[2015.11.26-20.35.23:917][177]LogModuleManager: Shutting down and abandoning module EditorLiveStreaming (176)
[2015.11.26-20.35.23:917][177]LogModuleManager: Shutting down and abandoning module IOSPlatformEditor (175)
[2015.11.26-20.35.23:917][177]LogModuleManager: Shutting down and abandoning module HTML5PlatformEditor (174)
[2015.11.26-20.35.23:917][177]LogModuleManager: Shutting down and abandoning module AndroidDeviceDetection (173)
[2015.11.26-20.35.24:710][177]LogModuleManager: Shutting down and abandoning module AndroidPlatformEditor (172)
[2015.11.26-20.35.24:710][177]LogModuleManager: Shutting down and abandoning module IOSRuntimeSettings (171)
[2015.11.26-20.35.24:710][177]LogModuleManager: Shutting down and abandoning module AndroidRuntimeSettings (170)
[2015.11.26-20.35.24:710][177]LogModuleManager: Shutting down and abandoning module MergeActors (169)
[2015.11.26-20.35.24:710][177]LogModuleManager: Shutting down and abandoning module SizeMap (168)
[2015.11.26-20.35.24:710][177]LogModuleManager: Shutting down and abandoning module TreeMap (167)
[2015.11.26-20.35.24:710][177]LogModuleManager: Shutting down and abandoning module ReferenceViewer (166)
[2015.11.26-20.35.24:710][177]LogModuleManager: Shutting down and abandoning module LocalizationService (165)
[2015.11.26-20.35.24:710][177]LogModuleManager: Shutting down and abandoning module LocalizationDashboard (164)
[2015.11.26-20.35.24:710][177]LogModuleManager: Shutting down and abandoning module HardwareTargeting (163)
[2015.11.26-20.35.24:710][177]LogModuleManager: Shutting down and abandoning module DeviceProfileEditor (162)
[2015.11.26-20.35.24:710][177]LogModuleManager: Shutting down and abandoning module UndoHistory (161)
[2015.11.26-20.35.24:710][177]LogModuleManager: Shutting down and abandoning module GameplayTagsEditor (160)
[2015.11.26-20.35.24:710][177]LogModuleManager: Shutting down and abandoning module UserFeedback (159)
[2015.11.26-20.35.24:710][177]LogModuleManager: Shutting down and abandoning module XmlParser (158)
[2015.11.26-20.35.24:710][177]LogModuleManager: Shutting down and abandoning module Blutility (157)
[2015.11.26-20.35.24:710][177]LogModuleManager: Shutting down and abandoning module ProjectTargetPlatformEditor (156)
[2015.11.26-20.35.24:710][177]LogModuleManager: Shutting down and abandoning module ProjectSettingsViewer (155)
[2015.11.26-20.35.24:710][177]LogModuleManager: Shutting down and abandoning module InputBindingEditor (154)
[2015.11.26-20.35.24:710][177]LogModuleManager: Shutting down and abandoning module EditorSettingsViewer (153)
[2015.11.26-20.35.24:710][177]LogModuleManager: Shutting down and abandoning module SettingsEditor (152)
[2015.11.26-20.35.24:710][177]LogModuleManager: Shutting down and abandoning module ProjectLauncher (151)
[2015.11.26-20.35.24:710][177]LogModuleManager: Shutting down and abandoning module SessionFrontend (150)
[2015.11.26-20.35.24:710][177]LogModuleManager: Shutting down and abandoning module ProfilerClient (149)
[2015.11.26-20.35.24:710][177]LogModuleManager: Shutting down and abandoning module TargetDeviceServices (148)
[2015.11.26-20.35.24:710][177]LogModuleManager: Shutting down and abandoning module DeviceManager (147)
[2015.11.26-20.35.24:710][177]LogModuleManager: Shutting down and abandoning module AutomationController (146)
[2015.11.26-20.35.24:711][177]LogModuleManager: Shutting down and abandoning module AutomationWindow (145)
[2015.11.26-20.35.24:711][177]LogModuleManager: Shutting down and abandoning module Layers (144)
[2015.11.26-20.35.24:711][177]LogModuleManager: Shutting down and abandoning module ComponentVisualizers (143)
[2015.11.26-20.35.24:711][177]LogModuleManager: Shutting down and abandoning module DetailCustomizations (142)
[2015.11.26-20.35.24:711][177]LogModuleManager: Shutting down and abandoning module PackagesDialog (141)
[2015.11.26-20.35.24:711][177]LogModuleManager: Shutting down and abandoning module Persona (140)
[2015.11.26-20.35.24:711][177]LogModuleManager: Shutting down and abandoning module Kismet (139)
[2015.11.26-20.35.24:711][177]LogModuleManager: Shutting down and abandoning module GraphEditor (138)
[2015.11.26-20.35.24:711][177]LogModuleManager: Shutting down and abandoning module ClassViewer (137)
[2015.11.26-20.35.24:711][177]LogModuleManager: Shutting down and abandoning module Toolbox (136)
[2015.11.26-20.35.24:711][177]LogModuleManager: Shutting down and abandoning module ModuleUI (135)
[2015.11.26-20.35.24:711][177]LogModuleManager: Shutting down and abandoning module MovieSceneTools (134)
[2015.11.26-20.35.24:711][177]LogModuleManager: Shutting down and abandoning module OutputLog (133)
[2015.11.26-20.35.24:711][177]LogModuleManager: Shutting down and abandoning module GammaUI (132)
[2015.11.26-20.35.24:711][177]LogModuleManager: Shutting down and abandoning module Documentation (131)
[2015.11.26-20.35.24:711][177]LogModuleManager: Shutting down and abandoning module GameLiveStreaming (130)
[2015.11.26-20.35.24:711][177]LogModuleManager: Shutting down and abandoning module StreamingPauseRendering (129)
[2015.11.26-20.35.24:711][177]LogModuleManager: Shutting down and abandoning module AnalyticsET (128)
[2015.11.26-20.35.24:711][177]LogModuleManager: Shutting down and abandoning module Analytics (127)
[2015.11.26-20.35.24:711][177]LogModuleManager: Shutting down and abandoning module AITestSuite (126)
[2015.11.26-20.35.24:711][177]LogModuleManager: Shutting down and abandoning module GameplayDebugger (125)
[2015.11.26-20.35.24:711][177]LogModuleManager: Shutting down and abandoning module AIModule (124)
[2015.11.26-20.35.24:711][177]LogModuleManager: Shutting down and abandoning module ProfilerService (123)
[2015.11.26-20.35.24:788][177]LogModuleManager: Shutting down and abandoning module TaskGraph (122)
[2015.11.26-20.35.24:788][177]LogModuleManager: Shutting down and abandoning module SlateRemote (121)
[2015.11.26-20.35.24:788][177]LogModuleManager: Shutting down and abandoning module SteamVRController (120)
[2015.11.26-20.35.24:788][177]LogModuleManager: Shutting down and abandoning module SteamVR (119)
[2015.11.26-20.35.24:788][177]LogModuleManager: Shutting down and abandoning module ProceduralMeshComponent (118)
[2015.11.26-20.35.24:788][177]LogModuleManager: Shutting down and abandoning module OculusRift (117)
[2015.11.26-20.35.24:788][177]LogModuleManager: Shutting down and abandoning module OculusLibrary (116)
[2015.11.26-20.35.24:788][177]LogModuleManager: Shutting down and abandoning module LeapMotionController (115)
[2015.11.26-20.35.24:796][177]LogModuleManager: Shutting down and abandoning module CustomMeshComponent (114)
[2015.11.26-20.35.24:796][177]LogModuleManager: Shutting down and abandoning module CableComponent (113)
[2015.11.26-20.35.24:796][177]LogModuleManager: Shutting down and abandoning module ArchVisCharacter (112)
[2015.11.26-20.35.24:796][177]LogModuleManager: Shutting down and abandoning module MessagingDebugger (111)
[2015.11.26-20.35.24:796][177]LogModuleManager: Shutting down and abandoning module MediaPlayerEditor (110)
[2015.11.26-20.35.24:796][177]LogModuleManager: Shutting down and abandoning module HTML5Networking (109)
[2015.11.26-20.35.24:796][177]LogModuleManager: Shutting down and abandoning module SpeedTreeImporter (108)
[2015.11.26-20.35.24:796][177]LogModuleManager: Shutting down and abandoning module PluginBrowser (107)
[2015.11.26-20.35.24:796][177]LogModuleManager: Shutting down and abandoning module EpicSurvey (106)
[2015.11.26-20.35.24:796][177]LogModuleManager: Shutting down and abandoning module VisualStudioSourceCodeAccess (105)
[2015.11.26-20.35.24:796][177]LogModuleManager: Shutting down and abandoning module UObjectPlugin (104)
[2015.11.26-20.35.24:796][177]LogModuleManager: Shutting down and abandoning module SubversionSourceControl (103)
[2015.11.26-20.35.24:796][177]LogModuleManager: Shutting down and abandoning module PerforceSourceControl (102)
[2015.11.26-20.35.24:796][177]LogModuleManager: Shutting down and abandoning module SourceControl (101)
[2015.11.26-20.35.24:796][177]LogModuleManager: Shutting down and abandoning module GitSourceControl (100)
[2015.11.26-20.35.24:796][177]LogModuleManager: Shutting down and abandoning module LightPropagationVolumeEditor (99)
[2015.11.26-20.35.24:796][177]LogModuleManager: Shutting down and abandoning module PaperTiledImporter (98)
[2015.11.26-20.35.24:796][177]LogModuleManager: Shutting down and abandoning module PaperSpriteSheetImporter (97)
[2015.11.26-20.35.24:796][177]LogModuleManager: Shutting down and abandoning module MeshPaint (96)
[2015.11.26-20.35.24:796][177]LogModuleManager: Shutting down and abandoning module SlateReflector (95)
[2015.11.26-20.35.24:796][177]LogModuleManager: Shutting down and abandoning module HotReload (94)
[2015.11.26-20.35.24:796][177]LogModuleManager: Shutting down and abandoning module MainFrame (93)
[2015.11.26-20.35.24:796][177]LogModuleManager: Shutting down and abandoning module LevelEditor (92)
[2015.11.26-20.35.24:797][177]LogModuleManager: Shutting down and abandoning module DirectoryWatcher (91)
[2015.11.26-20.35.24:798][177]LogModuleManager: Shutting down and abandoning module AssetRegistry (90)
[2015.11.26-20.35.24:874][177]LogModuleManager: Shutting down and abandoning module ContentBrowser (89)
[2015.11.26-20.35.24:875][177]LogModuleManager: Shutting down and abandoning module Paper2DEditor (88)
[2015.11.26-20.35.24:875][177]LogModuleManager: Shutting down and abandoning module SW_Project2 (87)
[2015.11.26-20.35.24:875][177]LogModuleManager: Shutting down and abandoning module UdpMessaging (86)
[2015.11.26-20.35.24:976][177]LogModuleManager: Shutting down and abandoning module LightPropagationVolumeRuntime (85)
[2015.11.26-20.35.24:976][177]LogModuleManager: Shutting down and abandoning module Paper2D (84)
[2015.11.26-20.35.24:976][177]LogModuleManager: Shutting down and abandoning module WindowsMoviePlayer (83)
[2015.11.26-20.35.24:979][177]LogModuleManager: Shutting down and abandoning module Media (82)
[2015.11.26-20.35.24:979][177]LogModuleManager: Shutting down and abandoning module WmfMedia (81)
[2015.11.26-20.35.24:979][177]LogModuleManager: Shutting down and abandoning module OnlineBlueprintSupport (80)
[2015.11.26-20.35.24:979][177]LogModuleManager: Shutting down and abandoning module GameplayTasksEditor (79)
[2015.11.26-20.35.24:979][177]LogModuleManager: Shutting down and abandoning module PropertyEditor (78)
[2015.11.26-20.35.24:979][177]LogModuleManager: Shutting down and abandoning module BehaviorTreeEditor (77)
[2015.11.26-20.35.24:979][177]LogModuleManager: Shutting down and abandoning module FunctionalTesting (76)
[2015.11.26-20.35.24:979][177]LogModuleManager: Shutting down and abandoning module CollisionAnalyzer (75)
[2015.11.26-20.35.24:979][177]LogModuleManager: Shutting down and abandoning module WorkspaceMenuStructure (74)
[2015.11.26-20.35.24:979][177]LogModuleManager: Shutting down and abandoning module MessageLog (73)
[2015.11.26-20.35.24:979][177]LogModuleManager: Shutting down and abandoning module Sequencer (72)
[2015.11.26-20.35.24:979][177]LogModuleManager: Shutting down and abandoning module AssetTools (71)
[2015.11.26-20.35.24:979][177]LogModuleManager: Shutting down and abandoning module UMGEditor (70)
[2015.11.26-20.35.24:979][177]LogModuleManager: Shutting down and abandoning module UMG (69)
[2015.11.26-20.35.24:979][177]LogModuleManager: Shutting down and abandoning module Slate (68)
[2015.11.26-20.35.24:979][177]LogModuleManager: Shutting down and abandoning module EditorStyle (67)
[2015.11.26-20.35.24:981][177]LogModuleManager: Shutting down and abandoning module SessionServices (66)
[2015.11.26-20.35.24:981][177]LogModuleManager: Shutting down and abandoning module SourceCodeAccess (65)
[2015.11.26-20.35.24:982][177]LogModuleManager: Shutting down and abandoning module HeadMountedDisplay (64)
[2015.11.26-20.35.24:982][177]LogModuleManager: Shutting down and abandoning module XAudio2 (63)
[2015.11.26-20.35.24:982][177]LogModuleManager: Shutting down and abandoning module Networking (61)
[2015.11.26-20.35.24:982][177]LogModuleManager: Shutting down and abandoning module Core (60)
[2015.11.26-20.35.24:982][177]LogModuleManager: Shutting down and abandoning module KismetCompiler (59)
[2015.11.26-20.35.24:982][177]LogModuleManager: Shutting down and abandoning module PhysXFormats (58)
[2015.11.26-20.35.24:982][177]LogModuleManager: Shutting down and abandoning module MeshUtilities (57)
[2015.11.26-20.35.24:982][177]LogModuleManager: Shutting down and abandoning module CookingStats (56)
[2015.11.26-20.35.24:982][177]LogModuleManager: Shutting down and abandoning module DerivedDataCache (55)
[2015.11.26-20.35.25:021][177]LogDerivedDataCache: Shutdown
[2015.11.26-20.35.25:021][177]LogModuleManager: Shutting down and abandoning module ShaderFormatOpenGL (54)
[2015.11.26-20.35.25:021][177]LogModuleManager: Shutting down and abandoning module ShaderFormatD3D (53)
[2015.11.26-20.35.25:021][177]LogModuleManager: Shutting down and abandoning module MetalShaderFormat (52)
[2015.11.26-20.35.25:021][177]LogModuleManager: Shutting down and abandoning module TextureFormatUncompressed (51)
[2015.11.26-20.35.25:021][177]LogModuleManager: Shutting down and abandoning module TextureFormatPVR (50)
[2015.11.26-20.35.25:021][177]LogModuleManager: Shutting down and abandoning module TextureFormatIntelISPCTexComp (49)
[2015.11.26-20.35.25:021][177]LogModuleManager: Shutting down and abandoning module TextureFormatDXT (48)
[2015.11.26-20.35.25:021][177]LogModuleManager: Shutting down and abandoning module ImageWrapper (47)
[2015.11.26-20.35.25:021][177]LogModuleManager: Shutting down and abandoning module TextureFormatASTC (46)
[2015.11.26-20.35.25:021][177]LogModuleManager: Shutting down and abandoning module TextureFormatAndroid (45)
[2015.11.26-20.35.25:021][177]LogModuleManager: Shutting down and abandoning module AudioFormatOpus (44)
[2015.11.26-20.35.25:021][177]LogModuleManager: Shutting down and abandoning module AudioFormatOgg (43)
[2015.11.26-20.35.25:021][177]LogModuleManager: Shutting down and abandoning module AudioFormatADPCM (42)
[2015.11.26-20.35.25:021][177]LogModuleManager: Shutting down and abandoning module LinuxTargetPlatform (41)
[2015.11.26-20.35.25:021][177]LogModuleManager: Shutting down and abandoning module LinuxServerTargetPlatform (40)
[2015.11.26-20.35.25:021][177]LogModuleManager: Shutting down and abandoning module LinuxNoEditorTargetPlatform (39)
[2015.11.26-20.35.25:021][177]LogModuleManager: Shutting down and abandoning module Messaging (38)
[2015.11.26-20.35.25:021][177]LogModuleManager: Shutting down and abandoning module IOSTargetPlatform (37)
[2015.11.26-20.35.25:021][177]LogModuleManager: Shutting down and abandoning module HTML5TargetPlatform (36)
[2015.11.26-20.35.25:021][177]LogModuleManager: Shutting down and abandoning module Android_PVRTCTargetPlatform (35)
[2015.11.26-20.35.25:021][177]LogModuleManager: Shutting down and abandoning module Android_ETC2TargetPlatform (34)
[2015.11.26-20.35.25:021][177]LogModuleManager: Shutting down and abandoning module Android_ETC1TargetPlatform (33)
[2015.11.26-20.35.25:021][177]LogModuleManager: Shutting down and abandoning module Android_DXTTargetPlatform (32)
[2015.11.26-20.35.25:021][177]LogModuleManager: Shutting down and abandoning module Android_ATCTargetPlatform (31)
[2015.11.26-20.35.25:021][177]LogModuleManager: Shutting down and abandoning module Android_ASTCTargetPlatform (30)
[2015.11.26-20.35.25:021][177]LogModuleManager: Shutting down and abandoning module AndroidTargetPlatform (29)
[2015.11.26-20.35.25:021][177]LogModuleManager: Shutting down and abandoning module WindowsTargetPlatform (28)
[2015.11.26-20.35.25:021][177]LogModuleManager: Shutting down and abandoning module WindowsServerTargetPlatform (27)
[2015.11.26-20.35.25:021][177]LogModuleManager: Shutting down and abandoning module WindowsNoEditorTargetPlatform (26)
[2015.11.26-20.35.25:021][177]LogModuleManager: Shutting down and abandoning module WindowsClientTargetPlatform (25)
[2015.11.26-20.35.25:021][177]LogModuleManager: Shutting down and abandoning module AllDesktopTargetPlatform (24)
[2015.11.26-20.35.25:021][177]LogModuleManager: Shutting down and abandoning module TargetPlatform (23)
[2015.11.26-20.35.25:021][177]LogModuleManager: Shutting down and abandoning module InputCore (22)
[2015.11.26-20.35.25:021][177]LogModuleManager: Shutting down and abandoning module Settings (21)
[2015.11.26-20.35.25:021][177]LogModuleManager: Shutting down and abandoning module OnlineSubsystem (19)
[2015.11.26-20.35.25:021][177]LogModuleManager: Shutting down and abandoning module HTTP (18)
[2015.11.26-20.35.29:046][177]LogModuleManager: Shutting down and abandoning module XMPP (17)
[2015.11.26-20.35.29:046][177]LogModuleManager: Shutting down and abandoning module ExampleDeviceProfileSelector (16)
[2015.11.26-20.35.29:046][177]LogModuleManager: Shutting down and abandoning module DesktopPlatform (15)
[2015.11.26-20.35.29:046][177]LogModuleManager: Shutting down and abandoning module TextureCompressor (14)
[2015.11.26-20.35.29:046][177]LogModuleManager: Shutting down and abandoning module ShaderCore (13)
[2015.11.26-20.35.29:046][177]LogModuleManager: Shutting down and abandoning module Landscape (12)
[2015.11.26-20.35.29:046][177]LogModuleManager: Shutting down and abandoning module SlateRHIRenderer (11)
[2015.11.26-20.35.29:053][177]LogModuleManager: Shutting down and abandoning module OpenGLDrv (10)
[2015.11.26-20.35.29:053][177]LogModuleManager: Shutting down and abandoning module D3D11RHI (9)
[2015.11.26-20.35.29:053][177]LogModuleManager: Shutting down and abandoning module AnimGraphRuntime (8)
[2015.11.26-20.35.29:053][177]LogModuleManager: Shutting down and abandoning module Renderer (7)
[2015.11.26-20.35.29:053][177]LogModuleManager: Shutting down and abandoning module Engine (6)
[2015.11.26-20.35.29:053][177]LogModuleManager: Shutting down and abandoning module CoreUObject (5)
[2015.11.26-20.35.29:053][177]LogModuleManager: Shutting down and abandoning module NetworkFile (4)
[2015.11.26-20.35.29:053][177]LogModuleManager: Shutting down and abandoning module StreamingFile (3)
[2015.11.26-20.35.29:053][177]LogModuleManager: Shutting down and abandoning module SandboxFile (2)
[2015.11.26-20.35.29:053][177]LogModuleManager: Shutting down and abandoning module PakFile (1)
[2015.11.26-20.35.29:054][177]LogExit: Exiting.
[2015.11.26-20.35.29:055][177]Log file closed, 11/26/15 21:35:29
