[2015.11.27-12.12.28:304][  0]Log file open, 11/27/15 13:12:28
[2015.11.27-12.12.28:304][  0]LogInit:Display: Running engine for game: SW_Project2
[2015.11.27-12.12.28:304][  0]LogInit:Display: RandInit(-1381686154) SRandInit(-1381686152).
[2015.11.27-12.12.28:304][  0]LogTaskGraph: Started task graph with 4 named threads and 7 total threads.
[2015.11.27-12.12.28:304][  0]LogStats: Stats thread started at 8.800251
[2015.11.27-12.12.28:304][  0]LogInit: Version: 4.9.2-2707645+++depot+UE4-Releases+4.9
[2015.11.27-12.12.28:304][  0]LogInit: API Version: 2672455
[2015.11.27-12.12.28:304][  0]LogInit: Compiled (64-bit): Sep 28 2015 10:25:44
[2015.11.27-12.12.28:304][  0]LogInit: Compiled with Visual C++: 18.00.21005.01
[2015.11.27-12.12.28:304][  0]LogInit: Build Configuration: Development
[2015.11.27-12.12.28:304][  0]LogInit: Branch Name: ++depot+UE4-Releases+4.9
[2015.11.27-12.12.28:304][  0]LogInit: Command line:  
[2015.11.27-12.12.28:304][  0]LogInit: Base directory: C:/Program Files/Epic Games/4.9/Engine/Binaries/Win64/
[2015.11.27-12.12.28:304][  0]LogInit: Rocket: 1
[2015.11.27-12.12.28:819][  0]LogInit: Using libcurl 7.41.0
[2015.11.27-12.12.28:819][  0]LogInit:  - built for x86_64-pc-win32
[2015.11.27-12.12.28:819][  0]LogInit:  - supports SSL with WinSSL
[2015.11.27-12.12.28:819][  0]LogInit:  - other features:
[2015.11.27-12.12.28:819][  0]LogInit:      CURL_VERSION_SSL
[2015.11.27-12.12.28:819][  0]LogInit:      CURL_VERSION_IPV6
[2015.11.27-12.12.28:819][  0]LogInit:      CURL_VERSION_ASYNCHDNS
[2015.11.27-12.12.28:819][  0]LogInit:      CURL_VERSION_LARGEFILE
[2015.11.27-12.12.28:819][  0]LogInit:      CURL_VERSION_IDN
[2015.11.27-12.12.28:819][  0]LogInit:  CurlRequestOptions (configurable via config and command line):
[2015.11.27-12.12.28:819][  0]LogInit:  - bVerifyPeer = true  - Libcurl will verify peer certificate
[2015.11.27-12.12.28:819][  0]LogInit:  - bUseHttpProxy = false  - Libcurl will NOT use HTTP proxy
[2015.11.27-12.12.28:819][  0]LogInit:  - bDontReuseConnections = false  - Libcurl will reuse connections
[2015.11.27-12.12.28:819][  0]LogInit:  - CertBundlePath = nullptr  - Libcurl will use whatever was configured at build time.
[2015.11.27-12.12.29:210][  0]LogInit: Presizing for 0 objects not considered by GC, pre-allocating 0 bytes.
[2015.11.27-12.12.29:257][  0]LogInit: Object subsystem initialized
[2015.11.27-12.12.29:569][  0]LogInit: Selected Device Profile: [Windows]
[2015.11.27-12.12.29:569][  0]LogInit: Applying CVar settings loaded from the selected device profile: [Windows]
[2015.11.27-12.12.29:622][  0]LogInit: Computer: SpellabbA332-06
[2015.11.27-12.12.29:622][  0]LogInit: User: Spellabbet
[2015.11.27-12.12.29:622][  0]LogInit: CPU Page size=4096, Cores=4
[2015.11.27-12.12.29:622][  0]LogInit: High frequency timer resolution =3.507525 MHz
[2015.11.27-12.12.29:623][  0]LogMemory: Memory total: Physical=15.9GB (16GB approx)
[2015.11.27-12.12.29:623][  0]LogMemory: Platform Memory Stats for Windows
[2015.11.27-12.12.29:623][  0]LogMemory: Process Physical Memory: 52.49 MB used, 52.49 MB peak
[2015.11.27-12.12.29:623][  0]LogMemory: Process Virtual Memory: 55.00 MB used, 55.00 MB peak
[2015.11.27-12.12.29:623][  0]LogMemory: Physical Memory: 2451.47 MB used, 16318.82 MB total
[2015.11.27-12.12.29:623][  0]LogMemory: Virtual Memory: 347.38 MB used, 134217728.00 MB total
[2015.11.27-12.12.32:334][  0]LogTextLocalizationManager: No translations for ('sv-SE') exist, falling back to 'en' for localization and internationalization data.
[2015.11.27-12.12.35:275][  0]LogD3D11RHI: Found D3D11 adapter 0: NVIDIA GeForce GTX 960 (Feature Level 11_0)
[2015.11.27-12.12.35:275][  0]LogD3D11RHI: Adapter has 1965MB of dedicated video memory, 0MB of dedicated system memory, and 2048MB of shared system memory, 1 output[s]
[2015.11.27-12.12.35:280][  0]LogD3D11RHI: Found D3D11 adapter 1: Microsoft Basic Render Driver (Feature Level 11_0)
[2015.11.27-12.12.35:280][  0]LogD3D11RHI: Adapter has 0MB of dedicated video memory, 0MB of dedicated system memory, and 256MB of shared system memory, 0 output[s]
[2015.11.27-12.12.35:280][  0]LogD3D11RHI: Chosen D3D11 Adapter Id = 0
[2015.11.27-12.12.35:282][  0]LogD3D11RHI: !Direct3DDevice
[2015.11.27-12.12.35:282][  0]LogRHI: Texture pool is 1361 MB (70% of 1945 MB)
[2015.11.27-12.12.35:290][  0]LogD3D11RHI: Async texture creation enabled
[2015.11.27-12.12.35:821][  0]LogShaderCompilers: Guid format shader working directory is 15 characters bigger than the processId version (../../../../../../Users/Spellabbet/Documents/GitHub/SW_Project2/SW_Project2/Intermediate/Shaders/WorkingDirectory/4484/).
[2015.11.27-12.12.35:822][  0]LogShaderCompilers: Cleaned the shader compiler working directory '../../../../../../Users/Spellabbet/Documents/GitHub/SW_Project2/SW_Project2/Intermediate/Shaders/tmp/90EFB79B473914D8C9F1158A42758392/'.
[2015.11.27-12.12.35:823][  0]LogShaderCompilers:Display: Using Local Shader Compiler.
[2015.11.27-12.12.41:150][  0]LogTemp:Display: Loaded TP AllDesktopTargetPlatform
[2015.11.27-12.12.41:158][  0]LogTemp:Display: Loaded TP WindowsClientTargetPlatform
[2015.11.27-12.12.41:164][  0]LogTemp:Display: Loaded TP WindowsNoEditorTargetPlatform
[2015.11.27-12.12.41:170][  0]LogTemp:Display: Loaded TP WindowsServerTargetPlatform
[2015.11.27-12.12.41:174][  0]LogTemp:Display: Loaded TP WindowsTargetPlatform
[2015.11.27-12.12.41:180][  0]LogTemp:Display: Loaded TP AndroidTargetPlatform
[2015.11.27-12.12.41:184][  0]LogTemp:Display: Loaded TP Android_ASTCTargetPlatform
[2015.11.27-12.12.41:187][  0]LogTemp:Display: Loaded TP Android_ATCTargetPlatform
[2015.11.27-12.12.41:191][  0]LogTemp:Display: Loaded TP Android_DXTTargetPlatform
[2015.11.27-12.12.41:195][  0]LogTemp:Display: Loaded TP Android_ETC1TargetPlatform
[2015.11.27-12.12.41:198][  0]LogTemp:Display: Loaded TP Android_ETC2TargetPlatform
[2015.11.27-12.12.41:202][  0]LogTemp:Display: Loaded TP Android_PVRTCTargetPlatform
[2015.11.27-12.12.41:202][  0]LogTemp:Display: Loaded TP HTML5TargetPlatform
[2015.11.27-12.12.41:522][  0]LogTemp:Display: Loaded TP IOSTargetPlatform
[2015.11.27-12.12.41:528][  0]LogTemp:Display: Loaded TP LinuxNoEditorTargetPlatform
[2015.11.27-12.12.41:541][  0]LogTemp:Display: Loaded TP LinuxServerTargetPlatform
[2015.11.27-12.12.41:560][  0]LogTemp:Display: Loaded TP LinuxTargetPlatform
[2015.11.27-12.12.41:560][  0]LogTargetPlatformManager:Display: Building Assets For Windows
[2015.11.27-12.12.44:728][  0]LogDerivedDataCache:Display: Max Cache Size: 512 MB
[2015.11.27-12.12.47:489][  0]LogDerivedDataCache: Loaded boot cache 2.76s 47MB C:/Users/Spellabbet/AppData/Local/UnrealEngine/4.9/DerivedDataCache/Boot.ddc.
[2015.11.27-12.12.47:489][  0]LogDerivedDataCache:Display: Loaded Boot cache: C:/Users/Spellabbet/AppData/Local/UnrealEngine/4.9/DerivedDataCache/Boot.ddc
[2015.11.27-12.12.47:489][  0]LogDerivedDataCache: FDerivedDataBackendGraph:  Pak pak cache file ../../../../../../Users/Spellabbet/Documents/GitHub/SW_Project2/SW_Project2/DerivedDataCache/DDC.ddp not found, will not use a pak cache.
[2015.11.27-12.12.47:489][  0]LogDerivedDataCache: Unable to find inner node Pak for hierarchical cache Hierarchy.
[2015.11.27-12.12.47:490][  0]LogDerivedDataCache: FDerivedDataBackendGraph:  CompressedPak pak cache file ../../../../../../Users/Spellabbet/Documents/GitHub/SW_Project2/SW_Project2/DerivedDataCache/Compressed.ddp not found, will not use a pak cache.
[2015.11.27-12.12.47:490][  0]LogDerivedDataCache: Unable to find inner node CompressedPak for hierarchical cache Hierarchy.
[2015.11.27-12.12.47:853][  0]LogDerivedDataCache:Display: Pak cache opened for reading ../../../Engine/DerivedDataCache/Compressed.ddp.
[2015.11.27-12.12.47:903][  0]LogDerivedDataCache: Using Local data cache path C:/Users/Spellabbet/AppData/Local/UnrealEngine/Common/DerivedDataCache: Writable
[2015.11.27-12.13.19:952][  0]LogInit: Selected Device Profile: [Windows]
[2015.11.27-12.13.19:996][  0]LogContentStreaming: Texture pool size is 0.000000MB
[2015.11.27-12.13.21:567][  0]LogMeshUtilities: No automatic mesh reduction module available
[2015.11.27-12.13.21:567][  0]LogMeshUtilities: No automatic mesh merging module available
[2015.11.27-12.13.26:852][  0]LogInit: WinSock: version 1.1 (2.2), MaxSocks=32767, MaxUdp=65467
[2015.11.27-12.13.48:126][  0]UdpMessaging: Initializing bridge on interface 0.0.0.0:0 to multicast group 230.0.0.1:6666.
[2015.11.27-12.13.50:048][  0]LogAssetRegistry: FAssetRegistry took 0.0207 seconds to start up
[2015.11.27-12.13.54:631][  0]SourceControl: Info Source control is disabled
[2015.11.27-12.13.54:633][  0]SourceControl: Info Source control is disabled
[2015.11.27-12.13.54:892][  0]SourceControl: Info Source control is disabled
[2015.11.27-12.13.54:971][  0]SourceControl: Info Source control is disabled
[2015.11.27-12.13.56:818][  0]LogLinker:Warning: Asset '../../../Engine/Plugins/Runtime/LeapMotionController/Content/LM_PassthroughMaterial.uasset' has been saved with empty engine version. The asset will be loaded but may be incompatible.
[2015.11.27-12.13.58:050][  0]LogObj: 28547 objects as part of root set at end of initial load.
[2015.11.27-12.13.58:050][  0]LogUObjectAllocator: 6120504 out of 0 bytes used by permanent object pool.
[2015.11.27-12.13.59:126][  0]LogEngine: Initializing Engine...
[2015.11.27-12.13.59:204][  0]LogHMD: Can't find Oculus library dev build: is proper Runtime installed? Version: 0.7.0.0
[2015.11.27-12.13.59:280][  0]LogHMD: SteamVR failed to initialize.  Err: 110
[2015.11.27-12.14.00:449][  0]LogAIModule: Creating AISystem for world NewWorld
[2015.11.27-12.14.00:700][  0]LogInit: XAudio2 using 'Speakers (4- High Definition Audio Device)' : 2 channels at 44.1 kHz using 16 bits per sample (channel mask 0x3)
[2015.11.27-12.14.00:732][  0]LogInit: FAudioDevice initialized.
[2015.11.27-12.14.00:751][  0]LogDerivedDataCache: Saved boot cache 0.02s 45MB C:/Users/Spellabbet/AppData/Local/UnrealEngine/4.9/DerivedDataCache/Boot.ddc.
[2015.11.27-12.14.00:801][  0]LogInit: Texture streaming: Enabled
[2015.11.27-12.14.00:810][  0]LogAnalytics: Creating configured Analytics provider AnalyticsET
[2015.11.27-12.14.00:936][  0]LogAnalytics: [UEEditor.Rocket.Release] APIServer = http://et2.epicgames.com/ET2/. AppVersion = 4.9.2-2707645+++depot+UE4-Releases+4.9
[2015.11.27-12.14.00:937][  0]LogAnalytics: [UEEditor.Rocket.Release] SetUserId 45933c9447afbf6f1ab999917f6accd0|8471e16762be488588a110ad13c08bd6|060e5e79-a789-49c4-8abd-5d8b330400a7
[2015.11.27-12.14.00:937][  0]LogAnalytics: [UEEditor.Rocket.Release] AnalyticsET::StartSession
[2015.11.27-12.14.01:729][  0]LogInit: Transaction tracking system initialized
[2015.11.27-12.14.03:926][  0]BlueprintLog: New page: Editor Load
[2015.11.27-12.14.08:066][  0]LocalizationService: Info Localization service is disabled
[2015.11.27-12.14.11:790][  0]LogConsoleResponse:Display: 
[2015.11.27-12.14.15:079][  0]LogFileCache: Scanning file cache for directory 'C:/Users/Spellabbet/Documents/GitHub/SW_Project2/SW_Project2/Content/' took 0.02s
[2015.11.27-12.14.15:079][  0]LogCook:Display: Done creating registry. It took  0.00s.
[2015.11.27-12.14.18:068][  0]SourceControl: Info Source control is disabled
[2015.11.27-12.14.18:124][  0]Cmd: MAP LOAD FILE="../../../../../../Users/Spellabbet/Documents/GitHub/SW_Project2/SW_Project2/Content/TransitionMap.umap" TEMPLATE=0 SHOWPROGRESS=1 FEATURELEVEL=3
[2015.11.27-12.14.18:163][  0]LightingResults: New page: Lighting Build
[2015.11.27-12.14.18:273][  0]MapCheck: New page: Map Check
[2015.11.27-12.14.18:273][  0]LightingResults: New page: Lighting Build
[2015.11.27-12.14.18:504][  0]LogParticles: Destroying 0 GPU particle simulations for FXSystem 0x00000075F9E30400
[2015.11.27-12.14.23:095][  0]LogAIModule: Creating AISystem for world TransitionMap
[2015.11.27-12.14.24:186][  0]LogEditorServer: Finished looking for orphan Actors (0.000 secs)
[2015.11.27-12.14.24:216][  0]Cmd: MAP CHECKDEP NOCLEARLOG
[2015.11.27-12.14.24:375][  0]MapCheck: Info Map check complete: 0 Error(s), 0 Warning(s), took 160.146ms to complete.
[2015.11.27-12.14.24:384][  0]LogFileHelpers: Loading map 'TransitionMap' took 6.308
[2015.11.27-12.14.29:159][  0]LogCollectionManager: Loaded 0 collections in 0.007480 seconds
[2015.11.27-12.14.30:581][  0]LogFileCache: Scanning file cache for directory 'C:/Users/Spellabbet/Documents/GitHub/SW_Project2/SW_Project2/Saved/Collections/' took 0.01s
[2015.11.27-12.14.30:581][  0]LogFileCache: Scanning file cache for directory 'C:/Users/Spellabbet/Documents/GitHub/SW_Project2/SW_Project2/Content/Developers/Spellabbet/Collections/' took 0.01s
[2015.11.27-12.14.30:581][  0]LogFileCache: Scanning file cache for directory 'C:/Users/Spellabbet/Documents/GitHub/SW_Project2/SW_Project2/Content/Collections/' took 0.01s
[2015.11.27-12.14.30:581][  0]LogContentBrowser: Native class hierarchy populated in 0.3807 seconds. Added 1873 classes and 335 folders.
[2015.11.27-12.14.31:521][  0]LogCollectionManager: Rebuilt the GUID cache for 0 collections in 0.000009 seconds
[2015.11.27-12.14.31:958][  0]LogContentBrowser: Native class hierarchy updated for 'WidgetCarousel' in 0.0036 seconds. Added 0 classes and 0 folders.
[2015.11.27-12.14.39:462][  0]LogContentBrowser: Native class hierarchy updated for 'AddContentDialog' in 0.0039 seconds. Added 0 classes and 0 folders.
[2015.11.27-12.14.39:982][  0]LogContentBrowser: Native class hierarchy updated for 'SceneOutliner' in 0.0048 seconds. Added 1 classes and 2 folders.
[2015.11.27-12.14.48:560][  0]LogCrashTracker: Crashtracker disabled due to settings.
[2015.11.27-12.14.49:009][  0]LogUObjectGlobals:Warning: Failed to find object 'Class None.'
[2015.11.27-12.14.49:080][  0]LogLoad: Full Startup: 158.20 seconds (BP compile: 1.55 seconds)
[2015.11.27-12.14.50:866][  0]LogContentStreaming: Texture pool size now 1000 MB
[2015.11.27-12.14.51:984][  0]LogRenderer: Reallocating scene render targets to support 1208x556 (Frame:2).
[2015.11.27-12.15.00:179][179]LogBlueprintUserMessages: Early PlayInEditor Detection: Level '/Game/TransitionMap.TransitionMap:PersistentLevel' has LevelScriptBlueprint '/Game/TransitionMap.TransitionMap:PersistentLevel.TransitionMap' with GeneratedClass '/Game/TransitionMap.TransitionMap_C' with ClassGeneratedBy '/Game/TransitionMap.TransitionMap:PersistentLevel.TransitionMap'
[2015.11.27-12.15.00:179][179]LogPlayLevel: PlayLevel: No blueprints needed recompiling
[2015.11.27-12.15.00:433][179]PIE: New page: PIE session: TransitionMap (Nov 27, 2015, 2:15:00 PM)
[2015.11.27-12.15.00:433][179]LogPlayLevel: Creating play world package: /Game/UEDPIE_0_TransitionMap
[2015.11.27-12.15.00:475][179]LogPlayLevel: PIE: StaticDuplicateObject took: (0.041945s)
[2015.11.27-12.15.00:476][179]LogAIModule: Creating AISystem for world TransitionMap
[2015.11.27-12.15.00:476][179]LogPlayLevel: PIE: World Init took: (0.000796s)
[2015.11.27-12.15.00:477][179]LogPlayLevel: PIE: Created PIE world by copying editor world from /Game/TransitionMap.TransitionMap to /Game/UEDPIE_0_TransitionMap.TransitionMap (0.043210s)
[2015.11.27-12.15.00:536][179]LogInit: XAudio2 using 'Speakers (4- High Definition Audio Device)' : 2 channels at 44.1 kHz using 16 bits per sample (channel mask 0x3)
[2015.11.27-12.15.00:541][179]LogInit: FAudioDevice initialized.
[2015.11.27-12.15.00:687][179]LogWorld: Game class is 'SW_Project2GameMode'
[2015.11.27-12.15.00:755][179]LogWorld: Bringing World /Game/UEDPIE_0_TransitionMap.TransitionMap up for play (max tick rate 0) at 2015.11.27-13.15.00
[2015.11.27-12.15.00:755][179]LogActor:Warning: GameSession /Game/UEDPIE_0_TransitionMap.TransitionMap:PersistentLevel.GameSession_0 has natively added scene component(s), but none of them were set as the actor's RootComponent - picking one arbitrarily
[2015.11.27-12.15.00:755][179]LogActor:Warning: GameNetworkManager /Game/UEDPIE_0_TransitionMap.TransitionMap:PersistentLevel.GameNetworkManager_0 has natively added scene component(s), but none of them were set as the actor's RootComponent - picking one arbitrarily
[2015.11.27-12.15.00:837][179]LogWorld: Bringing up level for play took: 0.131042
[2015.11.27-12.15.01:065][179]PIE: Info Play in editor start time for /Game/UEDPIE_0_TransitionMap 0.08
[2015.11.27-12.15.01:065][179]LogBlueprintUserMessages: Late PlayInEditor Detection: Level '/Game/TransitionMap.TransitionMap:PersistentLevel' has LevelScriptBlueprint '/Game/TransitionMap.TransitionMap:PersistentLevel.TransitionMap' with GeneratedClass '/Game/TransitionMap.TransitionMap_C' with ClassGeneratedBy '/Game/TransitionMap.TransitionMap:PersistentLevel.TransitionMap'
[2015.11.27-12.15.01:171][180]LogRenderer: Reallocating scene render targets to support 1280x720 (Frame:186).
[2015.11.27-12.15.08:672][304]LogAssetRegistry: Asset discovery search completed in 78.6390 seconds
[2015.11.27-12.15.08:672][304]LogCollectionManager: Rebuilt the object cache for 0 collections in 0.000001 seconds (found 0 objects)
[2015.11.27-12.15.08:676][304]LogCollectionManager: Fixed up redirectors for 0 collections in 0.000043 seconds (updated 0 objects)
[2015.11.27-12.15.09:392][312]LogBlueprintUserMessages: Early EndPlayMap Detection: Level '/Game/TransitionMap.TransitionMap:PersistentLevel' has LevelScriptBlueprint '/Game/TransitionMap.TransitionMap:PersistentLevel.TransitionMap' with GeneratedClass '/Game/TransitionMap.TransitionMap_C' with ClassGeneratedBy '/Game/TransitionMap.TransitionMap:PersistentLevel.TransitionMap'
[2015.11.27-12.15.09:425][312]LogBlueprintUserMessages: Late EndPlayMap Detection: Level '/Game/TransitionMap.TransitionMap:PersistentLevel' has LevelScriptBlueprint '/Game/TransitionMap.TransitionMap:PersistentLevel.TransitionMap' with GeneratedClass '/Game/TransitionMap.TransitionMap_C' with ClassGeneratedBy '/Game/TransitionMap.TransitionMap:PersistentLevel.TransitionMap'
[2015.11.27-12.15.09:444][312]LogParticles: Destroying 0 GPU particle simulations for FXSystem 0x0000007588B87A60
[2015.11.27-12.15.39:617][644]LogActorComponent: UnregisterComponent: (/Engine/Transient.ProjectileComp) Not registered. Aborting.
[2015.11.27-12.15.39:772][644]LogWindowsTextInputMethodSystem:Display: IME system now deactivated.
[2015.11.27-12.15.40:014][645]Cmd: QUIT_EDITOR
[2015.11.27-12.15.40:522][645]LogExit: Preparing to exit.
[2015.11.27-12.15.41:266][645]LogExit: Editor shut down
[2015.11.27-12.15.41:266][645]LogExit: Transaction tracking system shut down
[2015.11.27-12.15.41:316][645]LogParticles: Destroying 0 GPU particle simulations for FXSystem 0x00000075E4DBFD80
[2015.11.27-12.15.41:317][645]LogParticles: Destroying 0 GPU particle simulations for FXSystem 0x0000007588A9BB00
[2015.11.27-12.15.41:317][645]LogParticles: Destroying 0 GPU particle simulations for FXSystem 0x000000758898C5E0
[2015.11.27-12.15.41:317][645]LogParticles: Destroying 0 GPU particle simulations for FXSystem 0x000000758CECD440
[2015.11.27-12.15.41:528][645]LogExit: Object subsystem successfully closed.
[2015.11.27-12.15.41:588][645]LogD3D11RHI: Shutdown
[2015.11.27-12.15.41:588][645]LogD3D11RHI: CleanupD3DDevice
[2015.11.27-12.15.41:648][645]LogD3D11RHI: ~FD3D11DynamicRHI
[2015.11.27-12.15.41:783][645]LogModuleManager: Shutting down and abandoning module CrashTracker (198)
[2015.11.27-12.15.41:783][645]LogModuleManager: Shutting down and abandoning module SceneOutliner (197)
[2015.11.27-12.15.41:783][645]LogModuleManager: Shutting down and abandoning module SuperSearch (196)
[2015.11.27-12.15.41:783][645]LogModuleManager: Shutting down and abandoning module WidgetCarousel (195)
[2015.11.27-12.15.41:783][645]LogModuleManager: Shutting down and abandoning module AddContentDialog (194)
[2015.11.27-12.15.41:785][645]LogModuleManager: Shutting down and abandoning module EditorWidgets (193)
[2015.11.27-12.15.41:785][645]LogModuleManager: Shutting down and abandoning module CollectionManager (192)
[2015.11.27-12.15.41:785][645]LogModuleManager: Shutting down and abandoning module StatsViewer (191)
[2015.11.27-12.15.41:785][645]LogModuleManager: Shutting down and abandoning module FoliageEdit (190)
[2015.11.27-12.15.41:785][645]LogModuleManager: Shutting down and abandoning module LandscapeEditor (189)
[2015.11.27-12.15.41:787][645]LogModuleManager: Shutting down and abandoning module ActorPickerMode (188)
[2015.11.27-12.15.41:787][645]LogModuleManager: Shutting down and abandoning module GeometryMode (187)
[2015.11.27-12.15.41:787][645]LogModuleManager: Shutting down and abandoning module TextureAlignMode (186)
[2015.11.27-12.15.41:787][645]LogModuleManager: Shutting down and abandoning module BspMode (185)
[2015.11.27-12.15.41:787][645]LogModuleManager: Shutting down and abandoning module PlacementMode (184)
[2015.11.27-12.15.41:787][645]LogModuleManager: Shutting down and abandoning module AutomationWorker (183)
[2015.11.27-12.15.41:787][645]LogModuleManager: Shutting down and abandoning module CharacterAI (182)
[2015.11.27-12.15.41:787][645]LogModuleManager: Shutting down and abandoning module SmartSnapping (181)
[2015.11.27-12.15.41:787][645]LogModuleManager: Shutting down and abandoning module ViewportSnapping (180)
[2015.11.27-12.15.41:787][645]LogModuleManager: Shutting down and abandoning module LogVisualizer (179)
[2015.11.27-12.15.41:787][645]LogModuleManager: Shutting down and abandoning module GameProjectGeneration (178)
[2015.11.27-12.15.41:788][645]LogModuleManager: Shutting down and abandoning module IntroTutorials (177)
[2015.11.27-12.15.41:788][645]LogModuleManager: Shutting down and abandoning module EditorLiveStreaming (176)
[2015.11.27-12.15.41:788][645]LogModuleManager: Shutting down and abandoning module IOSPlatformEditor (175)
[2015.11.27-12.15.41:788][645]LogModuleManager: Shutting down and abandoning module HTML5PlatformEditor (174)
[2015.11.27-12.15.41:788][645]LogModuleManager: Shutting down and abandoning module AndroidDeviceDetection (173)
[2015.11.27-12.15.41:927][645]LogModuleManager: Shutting down and abandoning module AndroidPlatformEditor (172)
[2015.11.27-12.15.41:927][645]LogModuleManager: Shutting down and abandoning module IOSRuntimeSettings (171)
[2015.11.27-12.15.41:927][645]LogModuleManager: Shutting down and abandoning module AndroidRuntimeSettings (170)
[2015.11.27-12.15.41:927][645]LogModuleManager: Shutting down and abandoning module MergeActors (169)
[2015.11.27-12.15.41:936][645]LogModuleManager: Shutting down and abandoning module SizeMap (168)
[2015.11.27-12.15.41:936][645]LogModuleManager: Shutting down and abandoning module TreeMap (167)
[2015.11.27-12.15.41:936][645]LogModuleManager: Shutting down and abandoning module ReferenceViewer (166)
[2015.11.27-12.15.41:936][645]LogModuleManager: Shutting down and abandoning module LocalizationService (165)
[2015.11.27-12.15.41:936][645]LogModuleManager: Shutting down and abandoning module LocalizationDashboard (164)
[2015.11.27-12.15.41:937][645]LogModuleManager: Shutting down and abandoning module HardwareTargeting (163)
[2015.11.27-12.15.41:937][645]LogModuleManager: Shutting down and abandoning module DeviceProfileEditor (162)
[2015.11.27-12.15.41:937][645]LogModuleManager: Shutting down and abandoning module UndoHistory (161)
[2015.11.27-12.15.41:937][645]LogModuleManager: Shutting down and abandoning module GameplayTagsEditor (160)
[2015.11.27-12.15.41:937][645]LogModuleManager: Shutting down and abandoning module UserFeedback (159)
[2015.11.27-12.15.41:937][645]LogModuleManager: Shutting down and abandoning module XmlParser (158)
[2015.11.27-12.15.41:937][645]LogModuleManager: Shutting down and abandoning module Blutility (157)
[2015.11.27-12.15.41:937][645]LogModuleManager: Shutting down and abandoning module ProjectTargetPlatformEditor (156)
[2015.11.27-12.15.41:937][645]LogModuleManager: Shutting down and abandoning module ProjectSettingsViewer (155)
[2015.11.27-12.15.41:937][645]LogModuleManager: Shutting down and abandoning module InputBindingEditor (154)
[2015.11.27-12.15.41:938][645]LogModuleManager: Shutting down and abandoning module EditorSettingsViewer (153)
[2015.11.27-12.15.41:938][645]LogModuleManager: Shutting down and abandoning module SettingsEditor (152)
[2015.11.27-12.15.41:938][645]LogModuleManager: Shutting down and abandoning module ProjectLauncher (151)
[2015.11.27-12.15.41:939][645]LogModuleManager: Shutting down and abandoning module SessionFrontend (150)
[2015.11.27-12.15.41:939][645]LogModuleManager: Shutting down and abandoning module ProfilerClient (149)
[2015.11.27-12.15.41:940][645]LogModuleManager: Shutting down and abandoning module TargetDeviceServices (148)
[2015.11.27-12.15.41:940][645]LogModuleManager: Shutting down and abandoning module DeviceManager (147)
[2015.11.27-12.15.41:940][645]LogModuleManager: Shutting down and abandoning module AutomationController (146)
[2015.11.27-12.15.41:940][645]LogModuleManager: Shutting down and abandoning module AutomationWindow (145)
[2015.11.27-12.15.41:973][645]LogModuleManager: Shutting down and abandoning module Layers (144)
[2015.11.27-12.15.41:976][645]LogModuleManager: Shutting down and abandoning module ComponentVisualizers (143)
[2015.11.27-12.15.41:976][645]LogModuleManager: Shutting down and abandoning module DetailCustomizations (142)
[2015.11.27-12.15.41:976][645]LogModuleManager: Shutting down and abandoning module PackagesDialog (141)
[2015.11.27-12.15.41:976][645]LogModuleManager: Shutting down and abandoning module Persona (140)
[2015.11.27-12.15.41:991][645]LogModuleManager: Shutting down and abandoning module Kismet (139)
[2015.11.27-12.15.41:992][645]LogModuleManager: Shutting down and abandoning module GraphEditor (138)
[2015.11.27-12.15.42:037][645]LogModuleManager: Shutting down and abandoning module ClassViewer (137)
[2015.11.27-12.15.42:037][645]LogModuleManager: Shutting down and abandoning module Toolbox (136)
[2015.11.27-12.15.42:037][645]LogModuleManager: Shutting down and abandoning module ModuleUI (135)
[2015.11.27-12.15.42:039][645]LogModuleManager: Shutting down and abandoning module MovieSceneTools (134)
[2015.11.27-12.15.42:039][645]LogModuleManager: Shutting down and abandoning module OutputLog (133)
[2015.11.27-12.15.42:039][645]LogModuleManager: Shutting down and abandoning module GammaUI (132)
[2015.11.27-12.15.42:040][645]LogModuleManager: Shutting down and abandoning module Documentation (131)
[2015.11.27-12.15.42:040][645]LogModuleManager: Shutting down and abandoning module GameLiveStreaming (130)
[2015.11.27-12.15.42:040][645]LogModuleManager: Shutting down and abandoning module StreamingPauseRendering (129)
[2015.11.27-12.15.42:040][645]LogModuleManager: Shutting down and abandoning module AnalyticsET (128)
[2015.11.27-12.15.42:040][645]LogModuleManager: Shutting down and abandoning module Analytics (127)
[2015.11.27-12.15.42:040][645]LogModuleManager: Shutting down and abandoning module AITestSuite (126)
[2015.11.27-12.15.42:040][645]LogModuleManager: Shutting down and abandoning module GameplayDebugger (125)
[2015.11.27-12.15.42:040][645]LogModuleManager: Shutting down and abandoning module AIModule (124)
[2015.11.27-12.15.42:040][645]LogModuleManager: Shutting down and abandoning module ProfilerService (123)
[2015.11.27-12.15.42:226][645]LogModuleManager: Shutting down and abandoning module TaskGraph (122)
[2015.11.27-12.15.42:226][645]LogModuleManager: Shutting down and abandoning module SlateRemote (121)
[2015.11.27-12.15.42:226][645]LogModuleManager: Shutting down and abandoning module SteamVRController (120)
[2015.11.27-12.15.42:226][645]LogModuleManager: Shutting down and abandoning module SteamVR (119)
[2015.11.27-12.15.42:226][645]LogModuleManager: Shutting down and abandoning module ProceduralMeshComponent (118)
[2015.11.27-12.15.42:226][645]LogModuleManager: Shutting down and abandoning module OculusRift (117)
[2015.11.27-12.15.42:226][645]LogModuleManager: Shutting down and abandoning module OculusLibrary (116)
[2015.11.27-12.15.42:226][645]LogModuleManager: Shutting down and abandoning module LeapMotionController (115)
[2015.11.27-12.15.42:234][645]LogModuleManager: Shutting down and abandoning module CustomMeshComponent (114)
[2015.11.27-12.15.42:235][645]LogModuleManager: Shutting down and abandoning module CableComponent (113)
[2015.11.27-12.15.42:235][645]LogModuleManager: Shutting down and abandoning module ArchVisCharacter (112)
[2015.11.27-12.15.42:235][645]LogModuleManager: Shutting down and abandoning module MessagingDebugger (111)
[2015.11.27-12.15.42:235][645]LogModuleManager: Shutting down and abandoning module MediaPlayerEditor (110)
[2015.11.27-12.15.42:236][645]LogModuleManager: Shutting down and abandoning module HTML5Networking (109)
[2015.11.27-12.15.42:236][645]LogModuleManager: Shutting down and abandoning module SpeedTreeImporter (108)
[2015.11.27-12.15.42:236][645]LogModuleManager: Shutting down and abandoning module PluginBrowser (107)
[2015.11.27-12.15.42:236][645]LogModuleManager: Shutting down and abandoning module EpicSurvey (106)
[2015.11.27-12.15.42:236][645]LogModuleManager: Shutting down and abandoning module DesktopPlatform (105)
[2015.11.27-12.15.42:236][645]LogModuleManager: Shutting down and abandoning module VisualStudioSourceCodeAccess (104)
[2015.11.27-12.15.42:236][645]LogModuleManager: Shutting down and abandoning module UObjectPlugin (103)
[2015.11.27-12.15.42:236][645]LogModuleManager: Shutting down and abandoning module SubversionSourceControl (102)
[2015.11.27-12.15.42:236][645]LogModuleManager: Shutting down and abandoning module PerforceSourceControl (101)
[2015.11.27-12.15.42:236][645]LogModuleManager: Shutting down and abandoning module SourceControl (100)
[2015.11.27-12.15.42:236][645]LogModuleManager: Shutting down and abandoning module GitSourceControl (99)
[2015.11.27-12.15.42:236][645]LogModuleManager: Shutting down and abandoning module LightPropagationVolumeEditor (98)
[2015.11.27-12.15.42:236][645]LogModuleManager: Shutting down and abandoning module PaperTiledImporter (97)
[2015.11.27-12.15.42:236][645]LogModuleManager: Shutting down and abandoning module PaperSpriteSheetImporter (96)
[2015.11.27-12.15.42:236][645]LogModuleManager: Shutting down and abandoning module MeshPaint (95)
[2015.11.27-12.15.42:236][645]LogModuleManager: Shutting down and abandoning module SlateReflector (94)
[2015.11.27-12.15.42:238][645]LogModuleManager: Shutting down and abandoning module HotReload (93)
[2015.11.27-12.15.42:238][645]LogModuleManager: Shutting down and abandoning module MainFrame (92)
[2015.11.27-12.15.42:238][645]LogModuleManager: Shutting down and abandoning module LevelEditor (91)
[2015.11.27-12.15.42:239][645]LogModuleManager: Shutting down and abandoning module DirectoryWatcher (90)
[2015.11.27-12.15.42:240][645]LogModuleManager: Shutting down and abandoning module AssetRegistry (89)
[2015.11.27-12.15.42:334][645]LogModuleManager: Shutting down and abandoning module ContentBrowser (88)
[2015.11.27-12.15.42:335][645]LogModuleManager: Shutting down and abandoning module Paper2DEditor (87)
[2015.11.27-12.15.42:355][645]LogModuleManager: Shutting down and abandoning module SW_Project2 (86)
[2015.11.27-12.15.42:355][645]LogModuleManager: Shutting down and abandoning module UdpMessaging (85)
[2015.11.27-12.15.42:456][645]LogModuleManager: Shutting down and abandoning module LightPropagationVolumeRuntime (84)
[2015.11.27-12.15.42:456][645]LogModuleManager: Shutting down and abandoning module Paper2D (83)
[2015.11.27-12.15.42:456][645]LogModuleManager: Shutting down and abandoning module WindowsMoviePlayer (82)
[2015.11.27-12.15.42:460][645]LogModuleManager: Shutting down and abandoning module Media (81)
[2015.11.27-12.15.42:460][645]LogModuleManager: Shutting down and abandoning module WmfMedia (80)
[2015.11.27-12.15.42:461][645]LogModuleManager: Shutting down and abandoning module OnlineBlueprintSupport (79)
[2015.11.27-12.15.42:461][645]LogModuleManager: Shutting down and abandoning module GameplayTasksEditor (78)
[2015.11.27-12.15.42:461][645]LogModuleManager: Shutting down and abandoning module PropertyEditor (77)
[2015.11.27-12.15.42:461][645]LogModuleManager: Shutting down and abandoning module BehaviorTreeEditor (76)
[2015.11.27-12.15.42:461][645]LogModuleManager: Shutting down and abandoning module FunctionalTesting (75)
[2015.11.27-12.15.42:462][645]LogModuleManager: Shutting down and abandoning module CollisionAnalyzer (74)
[2015.11.27-12.15.42:462][645]LogModuleManager: Shutting down and abandoning module WorkspaceMenuStructure (73)
[2015.11.27-12.15.42:462][645]LogModuleManager: Shutting down and abandoning module MessageLog (72)
[2015.11.27-12.15.42:462][645]LogModuleManager: Shutting down and abandoning module Sequencer (71)
[2015.11.27-12.15.42:462][645]LogModuleManager: Shutting down and abandoning module AssetTools (70)
[2015.11.27-12.15.42:466][645]LogModuleManager: Shutting down and abandoning module UMGEditor (69)
[2015.11.27-12.15.42:467][645]LogModuleManager: Shutting down and abandoning module UMG (68)
[2015.11.27-12.15.42:467][645]LogModuleManager: Shutting down and abandoning module Slate (67)
[2015.11.27-12.15.42:467][645]LogModuleManager: Shutting down and abandoning module EditorStyle (66)
[2015.11.27-12.15.42:468][645]LogModuleManager: Shutting down and abandoning module SessionServices (65)
[2015.11.27-12.15.42:468][645]LogModuleManager: Shutting down and abandoning module SourceCodeAccess (64)
[2015.11.27-12.15.42:468][645]LogModuleManager: Shutting down and abandoning module HeadMountedDisplay (63)
[2015.11.27-12.15.42:468][645]LogModuleManager: Shutting down and abandoning module XAudio2 (62)
[2015.11.27-12.15.42:468][645]LogModuleManager: Shutting down and abandoning module Networking (60)
[2015.11.27-12.15.42:468][645]LogModuleManager: Shutting down and abandoning module Core (59)
[2015.11.27-12.15.42:468][645]LogModuleManager: Shutting down and abandoning module KismetCompiler (58)
[2015.11.27-12.15.42:468][645]LogModuleManager: Shutting down and abandoning module PhysXFormats (57)
[2015.11.27-12.15.42:468][645]LogModuleManager: Shutting down and abandoning module MeshUtilities (56)
[2015.11.27-12.15.42:469][645]LogModuleManager: Shutting down and abandoning module CookingStats (55)
[2015.11.27-12.15.42:469][645]LogModuleManager: Shutting down and abandoning module DerivedDataCache (54)
[2015.11.27-12.15.42:484][645]LogDerivedDataCache: Shutdown
[2015.11.27-12.15.42:484][645]LogModuleManager: Shutting down and abandoning module ShaderFormatOpenGL (53)
[2015.11.27-12.15.42:484][645]LogModuleManager: Shutting down and abandoning module ShaderFormatD3D (52)
[2015.11.27-12.15.42:484][645]LogModuleManager: Shutting down and abandoning module MetalShaderFormat (51)
[2015.11.27-12.15.42:498][645]LogModuleManager: Shutting down and abandoning module TextureFormatUncompressed (50)
[2015.11.27-12.15.42:498][645]LogModuleManager: Shutting down and abandoning module TextureFormatPVR (49)
[2015.11.27-12.15.42:498][645]LogModuleManager: Shutting down and abandoning module TextureFormatIntelISPCTexComp (48)
[2015.11.27-12.15.42:498][645]LogModuleManager: Shutting down and abandoning module TextureFormatDXT (47)
[2015.11.27-12.15.42:498][645]LogModuleManager: Shutting down and abandoning module ImageWrapper (46)
[2015.11.27-12.15.42:498][645]LogModuleManager: Shutting down and abandoning module TextureFormatASTC (45)
[2015.11.27-12.15.42:498][645]LogModuleManager: Shutting down and abandoning module TextureFormatAndroid (44)
[2015.11.27-12.15.42:498][645]LogModuleManager: Shutting down and abandoning module AudioFormatOpus (43)
[2015.11.27-12.15.42:498][645]LogModuleManager: Shutting down and abandoning module AudioFormatOgg (42)
[2015.11.27-12.15.42:498][645]LogModuleManager: Shutting down and abandoning module AudioFormatADPCM (41)
[2015.11.27-12.15.42:498][645]LogModuleManager: Shutting down and abandoning module LinuxTargetPlatform (40)
[2015.11.27-12.15.42:498][645]LogModuleManager: Shutting down and abandoning module LinuxServerTargetPlatform (39)
[2015.11.27-12.15.42:498][645]LogModuleManager: Shutting down and abandoning module LinuxNoEditorTargetPlatform (38)
[2015.11.27-12.15.42:498][645]LogModuleManager: Shutting down and abandoning module Messaging (37)
[2015.11.27-12.15.42:498][645]LogModuleManager: Shutting down and abandoning module IOSTargetPlatform (36)
[2015.11.27-12.15.42:498][645]LogModuleManager: Shutting down and abandoning module HTML5TargetPlatform (35)
[2015.11.27-12.15.42:498][645]LogModuleManager: Shutting down and abandoning module Android_PVRTCTargetPlatform (34)
[2015.11.27-12.15.42:498][645]LogModuleManager: Shutting down and abandoning module Android_ETC2TargetPlatform (33)
[2015.11.27-12.15.42:498][645]LogModuleManager: Shutting down and abandoning module Android_ETC1TargetPlatform (32)
[2015.11.27-12.15.42:498][645]LogModuleManager: Shutting down and abandoning module Android_DXTTargetPlatform (31)
[2015.11.27-12.15.42:498][645]LogModuleManager: Shutting down and abandoning module Android_ATCTargetPlatform (30)
[2015.11.27-12.15.42:498][645]LogModuleManager: Shutting down and abandoning module Android_ASTCTargetPlatform (29)
[2015.11.27-12.15.42:498][645]LogModuleManager: Shutting down and abandoning module AndroidTargetPlatform (28)
[2015.11.27-12.15.42:498][645]LogModuleManager: Shutting down and abandoning module WindowsTargetPlatform (27)
[2015.11.27-12.15.42:498][645]LogModuleManager: Shutting down and abandoning module WindowsServerTargetPlatform (26)
[2015.11.27-12.15.42:498][645]LogModuleManager: Shutting down and abandoning module WindowsNoEditorTargetPlatform (25)
[2015.11.27-12.15.42:498][645]LogModuleManager: Shutting down and abandoning module WindowsClientTargetPlatform (24)
[2015.11.27-12.15.42:498][645]LogModuleManager: Shutting down and abandoning module AllDesktopTargetPlatform (23)
[2015.11.27-12.15.42:498][645]LogModuleManager: Shutting down and abandoning module TargetPlatform (22)
[2015.11.27-12.15.42:498][645]LogModuleManager: Shutting down and abandoning module InputCore (21)
[2015.11.27-12.15.42:498][645]LogModuleManager: Shutting down and abandoning module Settings (20)
[2015.11.27-12.15.42:498][645]LogModuleManager: Shutting down and abandoning module OnlineSubsystem (18)
[2015.11.27-12.15.42:498][645]LogModuleManager: Shutting down and abandoning module HTTP (17)
[2015.11.27-12.15.44:502][645]LogModuleManager: Shutting down and abandoning module XMPP (16)
[2015.11.27-12.15.44:504][645]LogModuleManager: Shutting down and abandoning module ExampleDeviceProfileSelector (15)
[2015.11.27-12.15.44:504][645]LogModuleManager: Shutting down and abandoning module TextureCompressor (14)
[2015.11.27-12.15.44:505][645]LogModuleManager: Shutting down and abandoning module ShaderCore (13)
[2015.11.27-12.15.44:505][645]LogModuleManager: Shutting down and abandoning module Landscape (12)
[2015.11.27-12.15.44:505][645]LogModuleManager: Shutting down and abandoning module SlateRHIRenderer (11)
[2015.11.27-12.15.44:505][645]LogModuleManager: Shutting down and abandoning module OpenGLDrv (10)
[2015.11.27-12.15.44:506][645]LogModuleManager: Shutting down and abandoning module D3D11RHI (9)
[2015.11.27-12.15.44:506][645]LogModuleManager: Shutting down and abandoning module AnimGraphRuntime (8)
[2015.11.27-12.15.44:506][645]LogModuleManager: Shutting down and abandoning module Renderer (7)
[2015.11.27-12.15.44:506][645]LogModuleManager: Shutting down and abandoning module Engine (6)
[2015.11.27-12.15.44:506][645]LogModuleManager: Shutting down and abandoning module CoreUObject (5)
[2015.11.27-12.15.44:506][645]LogModuleManager: Shutting down and abandoning module NetworkFile (4)
[2015.11.27-12.15.44:507][645]LogModuleManager: Shutting down and abandoning module StreamingFile (3)
[2015.11.27-12.15.44:507][645]LogModuleManager: Shutting down and abandoning module SandboxFile (2)
[2015.11.27-12.15.44:507][645]LogModuleManager: Shutting down and abandoning module PakFile (1)
[2015.11.27-12.15.44:507][645]LogExit: Exiting.
[2015.11.27-12.15.44:508][645]Log file closed, 11/27/15 13:15:44
