[2015.11.27-12.16.22:613][  0]Log file open, 11/27/15 13:16:22
[2015.11.27-12.16.22:613][  0]LogInit:Display: Running engine for game: SW_Project2
[2015.11.27-12.16.22:613][  0]LogInit:Display: RandInit(-531791030) SRandInit(-531791030).
[2015.11.27-12.16.22:613][  0]LogTaskGraph: Started task graph with 4 named threads and 7 total threads.
[2015.11.27-12.16.22:613][  0]LogStats: Stats thread started at 0.096153
[2015.11.27-12.16.22:613][  0]LogInit: Version: 4.9.2-2707645+++depot+UE4-Releases+4.9
[2015.11.27-12.16.22:613][  0]LogInit: API Version: 2672455
[2015.11.27-12.16.22:613][  0]LogInit: Compiled (64-bit): Sep 28 2015 10:25:44
[2015.11.27-12.16.22:613][  0]LogInit: Compiled with Visual C++: 18.00.21005.01
[2015.11.27-12.16.22:613][  0]LogInit: Build Configuration: Development
[2015.11.27-12.16.22:613][  0]LogInit: Branch Name: ++depot+UE4-Releases+4.9
[2015.11.27-12.16.22:613][  0]LogInit: Command line:  
[2015.11.27-12.16.22:613][  0]LogInit: Base directory: C:/Program Files/Epic Games/4.9/Engine/Binaries/Win64/
[2015.11.27-12.16.22:613][  0]LogInit: Rocket: 1
[2015.11.27-12.16.22:613][  0]LogInit: Using libcurl 7.41.0
[2015.11.27-12.16.22:613][  0]LogInit:  - built for x86_64-pc-win32
[2015.11.27-12.16.22:613][  0]LogInit:  - supports SSL with WinSSL
[2015.11.27-12.16.22:613][  0]LogInit:  - other features:
[2015.11.27-12.16.22:613][  0]LogInit:      CURL_VERSION_SSL
[2015.11.27-12.16.22:613][  0]LogInit:      CURL_VERSION_IPV6
[2015.11.27-12.16.22:613][  0]LogInit:      CURL_VERSION_ASYNCHDNS
[2015.11.27-12.16.22:613][  0]LogInit:      CURL_VERSION_LARGEFILE
[2015.11.27-12.16.22:613][  0]LogInit:      CURL_VERSION_IDN
[2015.11.27-12.16.22:613][  0]LogInit:  CurlRequestOptions (configurable via config and command line):
[2015.11.27-12.16.22:613][  0]LogInit:  - bVerifyPeer = true  - Libcurl will verify peer certificate
[2015.11.27-12.16.22:613][  0]LogInit:  - bUseHttpProxy = false  - Libcurl will NOT use HTTP proxy
[2015.11.27-12.16.22:613][  0]LogInit:  - bDontReuseConnections = false  - Libcurl will reuse connections
[2015.11.27-12.16.22:613][  0]LogInit:  - CertBundlePath = nullptr  - Libcurl will use whatever was configured at build time.
[2015.11.27-12.16.22:613][  0]LogInit: Presizing for 0 objects not considered by GC, pre-allocating 0 bytes.
[2015.11.27-12.16.22:629][  0]LogInit: Object subsystem initialized
[2015.11.27-12.16.22:629][  0]LogInit: Selected Device Profile: [Windows]
[2015.11.27-12.16.22:629][  0]LogInit: Applying CVar settings loaded from the selected device profile: [Windows]
[2015.11.27-12.16.22:641][  0]LogInit: Computer: SpellabbA332-06
[2015.11.27-12.16.22:641][  0]LogInit: User: Spellabbet
[2015.11.27-12.16.22:641][  0]LogInit: CPU Page size=4096, Cores=4
[2015.11.27-12.16.22:641][  0]LogInit: High frequency timer resolution =3.507525 MHz
[2015.11.27-12.16.22:641][  0]LogMemory: Memory total: Physical=15.9GB (16GB approx)
[2015.11.27-12.16.22:641][  0]LogMemory: Platform Memory Stats for Windows
[2015.11.27-12.16.22:641][  0]LogMemory: Process Physical Memory: 52.52 MB used, 52.52 MB peak
[2015.11.27-12.16.22:641][  0]LogMemory: Process Virtual Memory: 55.00 MB used, 55.00 MB peak
[2015.11.27-12.16.22:641][  0]LogMemory: Physical Memory: 2657.35 MB used, 16318.82 MB total
[2015.11.27-12.16.22:641][  0]LogMemory: Virtual Memory: 347.38 MB used, 134217728.00 MB total
[2015.11.27-12.16.22:680][  0]LogTextLocalizationManager: No translations for ('sv-SE') exist, falling back to 'en' for localization and internationalization data.
[2015.11.27-12.16.23:284][  0]LogD3D11RHI: Found D3D11 adapter 0: NVIDIA GeForce GTX 960 (Feature Level 11_0)
[2015.11.27-12.16.23:284][  0]LogD3D11RHI: Adapter has 1965MB of dedicated video memory, 0MB of dedicated system memory, and 2048MB of shared system memory, 1 output[s]
[2015.11.27-12.16.23:285][  0]LogD3D11RHI: Found D3D11 adapter 1: Microsoft Basic Render Driver (Feature Level 11_0)
[2015.11.27-12.16.23:285][  0]LogD3D11RHI: Adapter has 0MB of dedicated video memory, 0MB of dedicated system memory, and 256MB of shared system memory, 0 output[s]
[2015.11.27-12.16.23:285][  0]LogD3D11RHI: Chosen D3D11 Adapter Id = 0
[2015.11.27-12.16.23:287][  0]LogD3D11RHI: !Direct3DDevice
[2015.11.27-12.16.23:287][  0]LogRHI: Texture pool is 1361 MB (70% of 1945 MB)
[2015.11.27-12.16.23:296][  0]LogD3D11RHI: Async texture creation enabled
[2015.11.27-12.16.23:311][  0]LogShaderCompilers: Guid format shader working directory is 16 characters bigger than the processId version (../../../../../../Users/Spellabbet/Documents/GitHub/SW_Project2/SW_Project2/Intermediate/Shaders/WorkingDirectory/776/).
[2015.11.27-12.16.23:311][  0]LogShaderCompilers: Cleaned the shader compiler working directory '../../../../../../Users/Spellabbet/Documents/GitHub/SW_Project2/SW_Project2/Intermediate/Shaders/tmp/759F1F6B462F1005EAFC2A962166E72A/'.
[2015.11.27-12.16.23:311][  0]LogShaderCompilers:Display: Using Local Shader Compiler.
[2015.11.27-12.16.24:619][  0]LogTemp:Display: Loaded TP AllDesktopTargetPlatform
[2015.11.27-12.16.24:623][  0]LogTemp:Display: Loaded TP WindowsClientTargetPlatform
[2015.11.27-12.16.24:627][  0]LogTemp:Display: Loaded TP WindowsNoEditorTargetPlatform
[2015.11.27-12.16.24:631][  0]LogTemp:Display: Loaded TP WindowsServerTargetPlatform
[2015.11.27-12.16.24:635][  0]LogTemp:Display: Loaded TP WindowsTargetPlatform
[2015.11.27-12.16.24:637][  0]LogTemp:Display: Loaded TP AndroidTargetPlatform
[2015.11.27-12.16.24:640][  0]LogTemp:Display: Loaded TP Android_ASTCTargetPlatform
[2015.11.27-12.16.24:642][  0]LogTemp:Display: Loaded TP Android_ATCTargetPlatform
[2015.11.27-12.16.24:645][  0]LogTemp:Display: Loaded TP Android_DXTTargetPlatform
[2015.11.27-12.16.24:647][  0]LogTemp:Display: Loaded TP Android_ETC1TargetPlatform
[2015.11.27-12.16.24:650][  0]LogTemp:Display: Loaded TP Android_ETC2TargetPlatform
[2015.11.27-12.16.24:653][  0]LogTemp:Display: Loaded TP Android_PVRTCTargetPlatform
[2015.11.27-12.16.24:653][  0]LogTemp:Display: Loaded TP HTML5TargetPlatform
[2015.11.27-12.16.24:669][  0]LogTemp:Display: Loaded TP IOSTargetPlatform
[2015.11.27-12.16.24:671][  0]LogTemp:Display: Loaded TP LinuxNoEditorTargetPlatform
[2015.11.27-12.16.24:674][  0]LogTemp:Display: Loaded TP LinuxServerTargetPlatform
[2015.11.27-12.16.24:677][  0]LogTemp:Display: Loaded TP LinuxTargetPlatform
[2015.11.27-12.16.24:677][  0]LogTargetPlatformManager:Display: Building Assets For Windows
[2015.11.27-12.16.24:739][  0]LogDerivedDataCache:Display: Max Cache Size: 512 MB
[2015.11.27-12.16.24:775][  0]LogDerivedDataCache: Loaded boot cache 0.04s 45MB C:/Users/Spellabbet/AppData/Local/UnrealEngine/4.9/DerivedDataCache/Boot.ddc.
[2015.11.27-12.16.24:775][  0]LogDerivedDataCache:Display: Loaded Boot cache: C:/Users/Spellabbet/AppData/Local/UnrealEngine/4.9/DerivedDataCache/Boot.ddc
[2015.11.27-12.16.24:775][  0]LogDerivedDataCache: FDerivedDataBackendGraph:  Pak pak cache file ../../../../../../Users/Spellabbet/Documents/GitHub/SW_Project2/SW_Project2/DerivedDataCache/DDC.ddp not found, will not use a pak cache.
[2015.11.27-12.16.24:775][  0]LogDerivedDataCache: Unable to find inner node Pak for hierarchical cache Hierarchy.
[2015.11.27-12.16.24:776][  0]LogDerivedDataCache: FDerivedDataBackendGraph:  CompressedPak pak cache file ../../../../../../Users/Spellabbet/Documents/GitHub/SW_Project2/SW_Project2/DerivedDataCache/Compressed.ddp not found, will not use a pak cache.
[2015.11.27-12.16.24:776][  0]LogDerivedDataCache: Unable to find inner node CompressedPak for hierarchical cache Hierarchy.
[2015.11.27-12.16.24:883][  0]LogDerivedDataCache:Display: Pak cache opened for reading ../../../Engine/DerivedDataCache/Compressed.ddp.
[2015.11.27-12.16.24:895][  0]LogDerivedDataCache: Using Local data cache path C:/Users/Spellabbet/AppData/Local/UnrealEngine/Common/DerivedDataCache: Writable
[2015.11.27-12.16.25:025][  0]LogInit: Selected Device Profile: [Windows]
[2015.11.27-12.16.25:026][  0]LogContentStreaming: Texture pool size is 0.000000MB
[2015.11.27-12.16.25:116][  0]LogMeshUtilities: No automatic mesh reduction module available
[2015.11.27-12.16.25:116][  0]LogMeshUtilities: No automatic mesh merging module available
[2015.11.27-12.16.25:291][  0]LogInit: WinSock: version 1.1 (2.2), MaxSocks=32767, MaxUdp=65467
[2015.11.27-12.16.25:809][  0]UdpMessaging: Initializing bridge on interface 0.0.0.0:0 to multicast group 230.0.0.1:6666.
[2015.11.27-12.16.25:966][  0]LogAssetRegistry: FAssetRegistry took 0.0109 seconds to start up
[2015.11.27-12.16.26:084][  0]SourceControl: Info Source control is disabled
[2015.11.27-12.16.26:085][  0]SourceControl: Info Source control is disabled
[2015.11.27-12.16.26:093][  0]SourceControl: Info Source control is disabled
[2015.11.27-12.16.26:101][  0]SourceControl: Info Source control is disabled
[2015.11.27-12.16.26:199][  0]LogLinker:Warning: Asset '../../../Engine/Plugins/Runtime/LeapMotionController/Content/LM_PassthroughMaterial.uasset' has been saved with empty engine version. The asset will be loaded but may be incompatible.
[2015.11.27-12.16.26:255][  0]LogObj: 28547 objects as part of root set at end of initial load.
[2015.11.27-12.16.26:255][  0]LogUObjectAllocator: 6120504 out of 0 bytes used by permanent object pool.
[2015.11.27-12.16.26:301][  0]LogEngine: Initializing Engine...
[2015.11.27-12.16.26:303][  0]LogHMD: Can't find Oculus library dev build: is proper Runtime installed? Version: 0.7.0.0
[2015.11.27-12.16.26:303][  0]LogHMD: SteamVR failed to initialize.  Err: 110
[2015.11.27-12.16.26:397][  0]LogAIModule: Creating AISystem for world NewWorld
[2015.11.27-12.16.26:402][  0]LogInit: XAudio2 using 'Speakers (4- High Definition Audio Device)' : 2 channels at 44.1 kHz using 16 bits per sample (channel mask 0x3)
[2015.11.27-12.16.26:412][  0]LogInit: FAudioDevice initialized.
[2015.11.27-12.16.26:738][  0]LogDerivedDataCache: Saved boot cache 0.32s 45MB C:/Users/Spellabbet/AppData/Local/UnrealEngine/4.9/DerivedDataCache/Boot.ddc.
[2015.11.27-12.16.26:742][  0]LogInit: Texture streaming: Enabled
[2015.11.27-12.16.26:746][  0]LogAnalytics: Creating configured Analytics provider AnalyticsET
[2015.11.27-12.16.26:746][  0]LogAnalytics: [UEEditor.Rocket.Release] APIServer = http://et2.epicgames.com/ET2/. AppVersion = 4.9.2-2707645+++depot+UE4-Releases+4.9
[2015.11.27-12.16.26:746][  0]LogAnalytics: [UEEditor.Rocket.Release] SetUserId 45933c9447afbf6f1ab999917f6accd0|8471e16762be488588a110ad13c08bd6|060e5e79-a789-49c4-8abd-5d8b330400a7
[2015.11.27-12.16.26:746][  0]LogAnalytics: [UEEditor.Rocket.Release] AnalyticsET::StartSession
[2015.11.27-12.16.26:763][  0]LogInit: Transaction tracking system initialized
[2015.11.27-12.16.26:785][  0]BlueprintLog: New page: Editor Load
[2015.11.27-12.16.26:844][  0]LocalizationService: Info Localization service is disabled
[2015.11.27-12.16.26:896][  0]LogConsoleResponse:Display: 
[2015.11.27-12.16.26:980][  0]LogCook:Display: Done creating registry. It took  0.00s.
[2015.11.27-12.16.27:021][  0]LogFileCache: Scanning file cache for directory 'C:/Users/Spellabbet/Documents/GitHub/SW_Project2/SW_Project2/Content/' took 0.01s
[2015.11.27-12.16.27:021][  0]SourceControl: Info Source control is disabled
[2015.11.27-12.16.27:021][  0]Cmd: MAP LOAD FILE="../../../../../../Users/Spellabbet/Documents/GitHub/SW_Project2/SW_Project2/Content/TransitionMap.umap" TEMPLATE=0 SHOWPROGRESS=1 FEATURELEVEL=3
[2015.11.27-12.16.27:021][  0]LightingResults: New page: Lighting Build
[2015.11.27-12.16.27:024][  0]MapCheck: New page: Map Check
[2015.11.27-12.16.27:024][  0]LightingResults: New page: Lighting Build
[2015.11.27-12.16.27:032][  0]LogParticles: Destroying 0 GPU particle simulations for FXSystem 0x0000005E4DE1C400
[2015.11.27-12.16.27:342][  0]LogAIModule: Creating AISystem for world TransitionMap
[2015.11.27-12.16.27:359][  0]LogEditorServer: Finished looking for orphan Actors (0.000 secs)
[2015.11.27-12.16.27:359][  0]Cmd: MAP CHECKDEP NOCLEARLOG
[2015.11.27-12.16.27:391][  0]MapCheck: Info Map check complete: 0 Error(s), 0 Warning(s), took 31.123ms to complete.
[2015.11.27-12.16.27:391][  0]LogFileHelpers: Loading map 'TransitionMap' took 0.370
[2015.11.27-12.16.27:488][  0]LogCollectionManager: Loaded 0 collections in 0.001648 seconds
[2015.11.27-12.16.27:527][  0]LogFileCache: Scanning file cache for directory 'C:/Users/Spellabbet/Documents/GitHub/SW_Project2/SW_Project2/Saved/Collections/' took 0.01s
[2015.11.27-12.16.27:527][  0]LogFileCache: Scanning file cache for directory 'C:/Users/Spellabbet/Documents/GitHub/SW_Project2/SW_Project2/Content/Developers/Spellabbet/Collections/' took 0.01s
[2015.11.27-12.16.27:527][  0]LogFileCache: Scanning file cache for directory 'C:/Users/Spellabbet/Documents/GitHub/SW_Project2/SW_Project2/Content/Collections/' took 0.01s
[2015.11.27-12.16.27:527][  0]LogContentBrowser: Native class hierarchy populated in 0.0063 seconds. Added 1873 classes and 335 folders.
[2015.11.27-12.16.27:532][  0]LogCollectionManager: Rebuilt the GUID cache for 0 collections in 0.000002 seconds
[2015.11.27-12.16.27:537][  0]LogContentBrowser: Native class hierarchy updated for 'WidgetCarousel' in 0.0008 seconds. Added 0 classes and 0 folders.
[2015.11.27-12.16.27:566][  0]LogContentBrowser: Native class hierarchy updated for 'AddContentDialog' in 0.0008 seconds. Added 0 classes and 0 folders.
[2015.11.27-12.16.27:574][  0]LogContentBrowser: Native class hierarchy updated for 'SceneOutliner' in 0.0008 seconds. Added 1 classes and 2 folders.
[2015.11.27-12.16.27:628][  0]LogCrashTracker: Crashtracker disabled due to settings.
[2015.11.27-12.16.27:632][  0]LogUObjectGlobals:Warning: Failed to find object 'Class None.'
[2015.11.27-12.16.27:654][  0]LogLoad: Full Startup: 5.81 seconds (BP compile: 0.06 seconds)
[2015.11.27-12.16.28:047][  0]LogContentStreaming: Texture pool size now 1000 MB
[2015.11.27-12.16.28:159][  0]LogRenderer: Reallocating scene render targets to support 1208x556 (Frame:2).
[2015.11.27-12.16.29:250][  3]LogAssetRegistry: Asset discovery search completed in 3.2955 seconds
[2015.11.27-12.16.29:250][  3]LogCollectionManager: Rebuilt the object cache for 0 collections in 0.000001 seconds (found 0 objects)
[2015.11.27-12.16.29:250][  3]LogCollectionManager: Fixed up redirectors for 0 collections in 0.000036 seconds (updated 0 objects)
[2015.11.27-12.16.42:985][ 27]Recompiling SW_Project2...
[2015.11.27-12.16.42:986][ 27]Launching UnrealBuildTool... [C:/Program Files/Epic Games/4.9/Engine/Binaries/DotNET/UnrealBuildTool.exe SW_Project2 -ModuleWithSuffix SW_Project2 2763 Win64 Development -editorrecompile -canskiplink "C:/Users/Spellabbet/Documents/GitHub/SW_Project2/SW_Project2/SW_Project2.uproject" -rocket  -rocket]
[2015.11.27-12.16.42:990][ 27]Warning: Starting HotReload took  9.5s.
[2015.11.27-12.16.43:299][ 27]LogLinker:Warning: Asset '../../../Engine/Content/ArtTools/RenderToTexture/Macros/RenderToTextureMacros.uasset' has been saved with empty engine version. The asset will be loaded but may be incompatible.
[2015.11.27-12.16.44:783][ 27]LogContentBrowser: Native class hierarchy updated for 'BlueprintGraph' in 0.0011 seconds. Added 107 classes and 0 folders.
[2015.11.27-12.19.21:942][517]CompilerResultsLog: New page: Compilation - Nov 27, 2015, 2:19:21 PM
[2015.11.27-12.19.21:942][517]CompilerResultsLog: Info Creating makefile for hot reloading SW_Project2 (game project files are newer)
[2015.11.27-12.19.21:942][517]CompilerResultsLog: Info Compiling game modules for hot reload
[2015.11.27-12.19.21:942][517]CompilerResultsLog: Info Parsing headers for SW_Project2Editor
[2015.11.27-12.19.21:942][517]CompilerResultsLog: Info   Running UnrealHeaderTool "C:/Users/Spellabbet/Documents/GitHub/SW_Project2/SW_Project2/SW_Project2.uproject" "C:\Users\Spellabbet\Documents\GitHub\SW_Project2\SW_Project2\Intermediate\Build\Win64\SW_Project2Editor\Development\UnrealHeaderTool.manifest" -LogCmds="loginit warning, logexit warning, logdatabase error" -rocket -installed
[2015.11.27-12.19.21:942][517]CompilerResultsLog: Info Reflection code generated for SW_Project2Editor in 14,8473712 seconds
[2015.11.27-12.19.21:942][517]CompilerResultsLog: Info Performing 11 actions (4 in parallel)
[2015.11.27-12.19.21:942][517]CompilerResultsLog: Info PCH.SW_Project2.h.cpp
[2015.11.27-12.19.21:942][517]CompilerResultsLog: Info CameraDirector.cpp
[2015.11.27-12.19.21:942][517]CompilerResultsLog: Info MyHUD.cpp
[2015.11.27-12.19.21:942][517]CompilerResultsLog: Info Block.cpp
[2015.11.27-12.19.21:942][517]CompilerResultsLog: Info Pickup.cpp
[2015.11.27-12.19.21:942][517]CompilerResultsLog: Info Projectile.cpp
[2015.11.27-12.19.21:942][517]CompilerResultsLog: Info SW_Project2.cpp
[2015.11.27-12.19.21:942][517]CompilerResultsLog: Info SW_Project2GameMode.cpp
[2015.11.27-12.19.21:942][517]CompilerResultsLog: Info SW_Project2Pawn.cpp
[2015.11.27-12.19.21:942][517]CompilerResultsLog: Info SW_Project2.generated.cpp
[2015.11.27-12.19.21:942][517]CompilerResultsLog: Info [11/11] Link UE4Editor-SW_Project2-2763.dll
[2015.11.27-12.19.21:942][517]CompilerResultsLog: Info    Creating library C:\Users\Spellabbet\Documents\GitHub\SW_Project2\SW_Project2\Intermediate/Build/Win64\UE4Editor\Development\UE4Editor-SW_Project2-2763.lib and object C:\Users\Spellabbet\Documents\GitHub\SW_Project2\SW_Project2\Intermediate/Build/Win64\UE4Editor\Development\UE4Editor-SW_Project2-2763.exp
[2015.11.27-12.19.21:942][517]CompilerResultsLog: Info -------- End Detailed Actions Stats -----------------------------------------------------------
[2015.11.27-12.19.21:942][517]CompilerResultsLog: Info Total build time: 158,87 seconds
[2015.11.27-12.19.21:942][517]LogMainFrame: MainFrame: Module compiling took 158.970 seconds
[2015.11.27-12.19.22:000][517]LogParticles: Destroying 0 GPU particle simulations for FXSystem 0x0000005E5B1A8EA0
[2015.11.27-12.19.22:089][517]LogClass: Could not find existing class CameraDirector in package /Script/SW_Project2 for HotReload, assuming new class
[2015.11.27-12.19.22:095][517]LogClass: Could not find existing class SW_Project2GameMode in package /Script/SW_Project2 for HotReload, assuming new class
[2015.11.27-12.19.22:100][517]LogHotReload: Re-instancing SW_Project2GameMode after hot-reload.
[2015.11.27-12.19.22:216][517]LogHotReload: Re-instancing SW_Project2Pawn after hot-reload.
[2015.11.27-12.19.22:247][517]LogContentBrowser: Native class hierarchy updated for 'SW_Project2' in 0.0009 seconds. Added 7 classes and 2 folders.
[2015.11.27-12.19.22:249][517]Warning: HotReload successful (1 functions remapped  0 scriptstructs remapped)
[2015.11.27-12.19.22:603][517]LogContentBrowser: Native class hierarchy populated in 0.0067 seconds. Added 1875 classes and 337 folders.
[2015.11.27-12.19.27:163][591]LogBlueprintUserMessages: Early PlayInEditor Detection: Level '/Game/TransitionMap.TransitionMap:PersistentLevel' has LevelScriptBlueprint '/Game/TransitionMap.TransitionMap:PersistentLevel.TransitionMap' with GeneratedClass '/Game/TransitionMap.TransitionMap_C' with ClassGeneratedBy '/Game/TransitionMap.TransitionMap:PersistentLevel.TransitionMap'
[2015.11.27-12.19.27:163][591]LogPlayLevel: PlayLevel: No blueprints needed recompiling
[2015.11.27-12.19.27:163][591]PIE: New page: PIE session: TransitionMap (Nov 27, 2015, 2:19:27 PM)
[2015.11.27-12.19.27:163][591]LogPlayLevel: Creating play world package: /Game/UEDPIE_0_TransitionMap
[2015.11.27-12.19.27:179][591]LogPlayLevel: PIE: StaticDuplicateObject took: (0.015394s)
[2015.11.27-12.19.27:179][591]LogAIModule: Creating AISystem for world TransitionMap
[2015.11.27-12.19.27:179][591]LogPlayLevel: PIE: World Init took: (0.000494s)
[2015.11.27-12.19.27:180][591]LogPlayLevel: PIE: Created PIE world by copying editor world from /Game/TransitionMap.TransitionMap to /Game/UEDPIE_0_TransitionMap.TransitionMap (0.016173s)
[2015.11.27-12.19.27:231][591]LogInit: XAudio2 using 'Speakers (4- High Definition Audio Device)' : 2 channels at 44.1 kHz using 16 bits per sample (channel mask 0x3)
[2015.11.27-12.19.27:236][591]LogInit: FAudioDevice initialized.
[2015.11.27-12.19.27:281][591]LogWorld: Game class is 'SW_Project2GameMode'
[2015.11.27-12.19.27:314][591]LogWorld: Bringing World /Game/UEDPIE_0_TransitionMap.TransitionMap up for play (max tick rate 0) at 2015.11.27-13.19.27
[2015.11.27-12.19.27:314][591]LogActor:Warning: GameSession /Game/UEDPIE_0_TransitionMap.TransitionMap:PersistentLevel.GameSession_0 has natively added scene component(s), but none of them were set as the actor's RootComponent - picking one arbitrarily
[2015.11.27-12.19.27:314][591]LogActor:Warning: GameNetworkManager /Game/UEDPIE_0_TransitionMap.TransitionMap:PersistentLevel.GameNetworkManager_0 has natively added scene component(s), but none of them were set as the actor's RootComponent - picking one arbitrarily
[2015.11.27-12.19.27:315][591]LogWorld: Bringing up level for play took: 0.032788
[2015.11.27-12.19.27:329][591]PIE: Info Play in editor start time for /Game/UEDPIE_0_TransitionMap 0.346
[2015.11.27-12.19.27:329][591]LogBlueprintUserMessages: Late PlayInEditor Detection: Level '/Game/TransitionMap.TransitionMap:PersistentLevel' has LevelScriptBlueprint '/Game/TransitionMap.TransitionMap:PersistentLevel.TransitionMap' with GeneratedClass '/Game/TransitionMap.TransitionMap_C' with ClassGeneratedBy '/Game/TransitionMap.TransitionMap:PersistentLevel.TransitionMap'
[2015.11.27-12.19.27:343][592]LogRenderer: Reallocating scene render targets to support 1280x720 (Frame:2725).
[2015.11.27-12.19.32:089][709]LogBlueprintUserMessages: Early EndPlayMap Detection: Level '/Game/TransitionMap.TransitionMap:PersistentLevel' has LevelScriptBlueprint '/Game/TransitionMap.TransitionMap:PersistentLevel.TransitionMap' with GeneratedClass '/Game/TransitionMap.TransitionMap_C' with ClassGeneratedBy '/Game/TransitionMap.TransitionMap:PersistentLevel.TransitionMap'
[2015.11.27-12.19.32:199][709]LogBlueprintUserMessages: Late EndPlayMap Detection: Level '/Game/TransitionMap.TransitionMap:PersistentLevel' has LevelScriptBlueprint '/Game/TransitionMap.TransitionMap:PersistentLevel.TransitionMap' with GeneratedClass '/Game/TransitionMap.TransitionMap_C' with ClassGeneratedBy '/Game/TransitionMap.TransitionMap:PersistentLevel.TransitionMap'
[2015.11.27-12.19.32:228][709]LogParticles: Destroying 0 GPU particle simulations for FXSystem 0x0000005E0634D120
[2015.11.27-12.19.52:163][ 24]LogWindowsTextInputMethodSystem:Display: IME system now deactivated.
[2015.11.27-12.19.52:390][ 25]Cmd: QUIT_EDITOR
[2015.11.27-12.19.52:801][ 25]LogExit: Preparing to exit.
[2015.11.27-12.19.53:056][ 25]LogExit: Editor shut down
[2015.11.27-12.19.53:056][ 25]LogExit: Transaction tracking system shut down
[2015.11.27-12.19.53:059][ 25]LogParticles: Destroying 0 GPU particle simulations for FXSystem 0x0000005E3A98FC40
[2015.11.27-12.19.53:059][ 25]LogParticles: Destroying 0 GPU particle simulations for FXSystem 0x0000005E58C5F880
[2015.11.27-12.19.53:059][ 25]LogParticles: Destroying 0 GPU particle simulations for FXSystem 0x0000005E3ACDC360
[2015.11.27-12.19.53:059][ 25]LogParticles: Destroying 0 GPU particle simulations for FXSystem 0x0000005E58F2D080
[2015.11.27-12.19.53:201][ 25]LogExit: Object subsystem successfully closed.
[2015.11.27-12.19.53:215][ 25]LogD3D11RHI: Shutdown
[2015.11.27-12.19.53:215][ 25]LogD3D11RHI: CleanupD3DDevice
[2015.11.27-12.19.53:265][ 25]LogD3D11RHI: ~FD3D11DynamicRHI
[2015.11.27-12.19.53:278][ 25]LogModuleManager: Shutting down and abandoning module BlueprintGraph (199)
[2015.11.27-12.19.53:278][ 25]LogModuleManager: Shutting down and abandoning module CrashTracker (198)
[2015.11.27-12.19.53:278][ 25]LogModuleManager: Shutting down and abandoning module SceneOutliner (197)
[2015.11.27-12.19.53:278][ 25]LogModuleManager: Shutting down and abandoning module SuperSearch (196)
[2015.11.27-12.19.53:278][ 25]LogModuleManager: Shutting down and abandoning module WidgetCarousel (195)
[2015.11.27-12.19.53:278][ 25]LogModuleManager: Shutting down and abandoning module AddContentDialog (194)
[2015.11.27-12.19.53:279][ 25]LogModuleManager: Shutting down and abandoning module EditorWidgets (193)
[2015.11.27-12.19.53:279][ 25]LogModuleManager: Shutting down and abandoning module CollectionManager (192)
[2015.11.27-12.19.53:279][ 25]LogModuleManager: Shutting down and abandoning module StatsViewer (191)
[2015.11.27-12.19.53:279][ 25]LogModuleManager: Shutting down and abandoning module FoliageEdit (190)
[2015.11.27-12.19.53:279][ 25]LogModuleManager: Shutting down and abandoning module LandscapeEditor (189)
[2015.11.27-12.19.53:280][ 25]LogModuleManager: Shutting down and abandoning module ActorPickerMode (188)
[2015.11.27-12.19.53:280][ 25]LogModuleManager: Shutting down and abandoning module GeometryMode (187)
[2015.11.27-12.19.53:280][ 25]LogModuleManager: Shutting down and abandoning module TextureAlignMode (186)
[2015.11.27-12.19.53:280][ 25]LogModuleManager: Shutting down and abandoning module BspMode (185)
[2015.11.27-12.19.53:280][ 25]LogModuleManager: Shutting down and abandoning module PlacementMode (184)
[2015.11.27-12.19.53:280][ 25]LogModuleManager: Shutting down and abandoning module AutomationWorker (183)
[2015.11.27-12.19.53:280][ 25]LogModuleManager: Shutting down and abandoning module CharacterAI (182)
[2015.11.27-12.19.53:280][ 25]LogModuleManager: Shutting down and abandoning module SmartSnapping (181)
[2015.11.27-12.19.53:280][ 25]LogModuleManager: Shutting down and abandoning module ViewportSnapping (180)
[2015.11.27-12.19.53:280][ 25]LogModuleManager: Shutting down and abandoning module LogVisualizer (179)
[2015.11.27-12.19.53:280][ 25]LogModuleManager: Shutting down and abandoning module GameProjectGeneration (178)
[2015.11.27-12.19.53:280][ 25]LogModuleManager: Shutting down and abandoning module IntroTutorials (177)
[2015.11.27-12.19.53:280][ 25]LogModuleManager: Shutting down and abandoning module EditorLiveStreaming (176)
[2015.11.27-12.19.53:280][ 25]LogModuleManager: Shutting down and abandoning module IOSPlatformEditor (175)
[2015.11.27-12.19.53:280][ 25]LogModuleManager: Shutting down and abandoning module HTML5PlatformEditor (174)
[2015.11.27-12.19.53:280][ 25]LogModuleManager: Shutting down and abandoning module AndroidDeviceDetection (173)
[2015.11.27-12.19.54:003][ 25]LogModuleManager: Shutting down and abandoning module AndroidPlatformEditor (172)
[2015.11.27-12.19.54:003][ 25]LogModuleManager: Shutting down and abandoning module IOSRuntimeSettings (171)
[2015.11.27-12.19.54:003][ 25]LogModuleManager: Shutting down and abandoning module AndroidRuntimeSettings (170)
[2015.11.27-12.19.54:003][ 25]LogModuleManager: Shutting down and abandoning module MergeActors (169)
[2015.11.27-12.19.54:003][ 25]LogModuleManager: Shutting down and abandoning module SizeMap (168)
[2015.11.27-12.19.54:003][ 25]LogModuleManager: Shutting down and abandoning module TreeMap (167)
[2015.11.27-12.19.54:003][ 25]LogModuleManager: Shutting down and abandoning module ReferenceViewer (166)
[2015.11.27-12.19.54:003][ 25]LogModuleManager: Shutting down and abandoning module LocalizationService (165)
[2015.11.27-12.19.54:003][ 25]LogModuleManager: Shutting down and abandoning module LocalizationDashboard (164)
[2015.11.27-12.19.54:003][ 25]LogModuleManager: Shutting down and abandoning module HardwareTargeting (163)
[2015.11.27-12.19.54:003][ 25]LogModuleManager: Shutting down and abandoning module DeviceProfileEditor (162)
[2015.11.27-12.19.54:003][ 25]LogModuleManager: Shutting down and abandoning module UndoHistory (161)
[2015.11.27-12.19.54:003][ 25]LogModuleManager: Shutting down and abandoning module GameplayTagsEditor (160)
[2015.11.27-12.19.54:004][ 25]LogModuleManager: Shutting down and abandoning module UserFeedback (159)
[2015.11.27-12.19.54:004][ 25]LogModuleManager: Shutting down and abandoning module XmlParser (158)
[2015.11.27-12.19.54:004][ 25]LogModuleManager: Shutting down and abandoning module Blutility (157)
[2015.11.27-12.19.54:004][ 25]LogModuleManager: Shutting down and abandoning module ProjectTargetPlatformEditor (156)
[2015.11.27-12.19.54:004][ 25]LogModuleManager: Shutting down and abandoning module ProjectSettingsViewer (155)
[2015.11.27-12.19.54:004][ 25]LogModuleManager: Shutting down and abandoning module InputBindingEditor (154)
[2015.11.27-12.19.54:004][ 25]LogModuleManager: Shutting down and abandoning module EditorSettingsViewer (153)
[2015.11.27-12.19.54:004][ 25]LogModuleManager: Shutting down and abandoning module SettingsEditor (152)
[2015.11.27-12.19.54:005][ 25]LogModuleManager: Shutting down and abandoning module ProjectLauncher (151)
[2015.11.27-12.19.54:005][ 25]LogModuleManager: Shutting down and abandoning module SessionFrontend (150)
[2015.11.27-12.19.54:005][ 25]LogModuleManager: Shutting down and abandoning module ProfilerClient (149)
[2015.11.27-12.19.54:005][ 25]LogModuleManager: Shutting down and abandoning module TargetDeviceServices (148)
[2015.11.27-12.19.54:005][ 25]LogModuleManager: Shutting down and abandoning module DeviceManager (147)
[2015.11.27-12.19.54:005][ 25]LogModuleManager: Shutting down and abandoning module AutomationController (146)
[2015.11.27-12.19.54:005][ 25]LogModuleManager: Shutting down and abandoning module AutomationWindow (145)
[2015.11.27-12.19.54:005][ 25]LogModuleManager: Shutting down and abandoning module Layers (144)
[2015.11.27-12.19.54:005][ 25]LogModuleManager: Shutting down and abandoning module ComponentVisualizers (143)
[2015.11.27-12.19.54:005][ 25]LogModuleManager: Shutting down and abandoning module DetailCustomizations (142)
[2015.11.27-12.19.54:006][ 25]LogModuleManager: Shutting down and abandoning module PackagesDialog (141)
[2015.11.27-12.19.54:006][ 25]LogModuleManager: Shutting down and abandoning module Persona (140)
[2015.11.27-12.19.54:006][ 25]LogModuleManager: Shutting down and abandoning module Kismet (139)
[2015.11.27-12.19.54:006][ 25]LogModuleManager: Shutting down and abandoning module GraphEditor (138)
[2015.11.27-12.19.54:006][ 25]LogModuleManager: Shutting down and abandoning module ClassViewer (137)
[2015.11.27-12.19.54:006][ 25]LogModuleManager: Shutting down and abandoning module Toolbox (136)
[2015.11.27-12.19.54:006][ 25]LogModuleManager: Shutting down and abandoning module ModuleUI (135)
[2015.11.27-12.19.54:006][ 25]LogModuleManager: Shutting down and abandoning module MovieSceneTools (134)
[2015.11.27-12.19.54:006][ 25]LogModuleManager: Shutting down and abandoning module OutputLog (133)
[2015.11.27-12.19.54:006][ 25]LogModuleManager: Shutting down and abandoning module GammaUI (132)
[2015.11.27-12.19.54:006][ 25]LogModuleManager: Shutting down and abandoning module Documentation (131)
[2015.11.27-12.19.54:006][ 25]LogModuleManager: Shutting down and abandoning module GameLiveStreaming (130)
[2015.11.27-12.19.54:006][ 25]LogModuleManager: Shutting down and abandoning module StreamingPauseRendering (129)
[2015.11.27-12.19.54:006][ 25]LogModuleManager: Shutting down and abandoning module AnalyticsET (128)
[2015.11.27-12.19.54:007][ 25]LogModuleManager: Shutting down and abandoning module Analytics (127)
[2015.11.27-12.19.54:007][ 25]LogModuleManager: Shutting down and abandoning module AITestSuite (126)
[2015.11.27-12.19.54:007][ 25]LogModuleManager: Shutting down and abandoning module GameplayDebugger (125)
[2015.11.27-12.19.54:007][ 25]LogModuleManager: Shutting down and abandoning module AIModule (124)
[2015.11.27-12.19.54:007][ 25]LogModuleManager: Shutting down and abandoning module ProfilerService (123)
[2015.11.27-12.19.54:221][ 25]LogModuleManager: Shutting down and abandoning module TaskGraph (122)
[2015.11.27-12.19.54:221][ 25]LogModuleManager: Shutting down and abandoning module SlateRemote (121)
[2015.11.27-12.19.54:221][ 25]LogModuleManager: Shutting down and abandoning module SteamVRController (120)
[2015.11.27-12.19.54:221][ 25]LogModuleManager: Shutting down and abandoning module SteamVR (119)
[2015.11.27-12.19.54:221][ 25]LogModuleManager: Shutting down and abandoning module ProceduralMeshComponent (118)
[2015.11.27-12.19.54:221][ 25]LogModuleManager: Shutting down and abandoning module OculusRift (117)
[2015.11.27-12.19.54:221][ 25]LogModuleManager: Shutting down and abandoning module OculusLibrary (116)
[2015.11.27-12.19.54:221][ 25]LogModuleManager: Shutting down and abandoning module LeapMotionController (115)
[2015.11.27-12.19.54:244][ 25]LogModuleManager: Shutting down and abandoning module CustomMeshComponent (114)
[2015.11.27-12.19.54:244][ 25]LogModuleManager: Shutting down and abandoning module CableComponent (113)
[2015.11.27-12.19.54:244][ 25]LogModuleManager: Shutting down and abandoning module ArchVisCharacter (112)
[2015.11.27-12.19.54:244][ 25]LogModuleManager: Shutting down and abandoning module MessagingDebugger (111)
[2015.11.27-12.19.54:244][ 25]LogModuleManager: Shutting down and abandoning module MediaPlayerEditor (110)
[2015.11.27-12.19.54:244][ 25]LogModuleManager: Shutting down and abandoning module HTML5Networking (109)
[2015.11.27-12.19.54:244][ 25]LogModuleManager: Shutting down and abandoning module SpeedTreeImporter (108)
[2015.11.27-12.19.54:244][ 25]LogModuleManager: Shutting down and abandoning module PluginBrowser (107)
[2015.11.27-12.19.54:244][ 25]LogModuleManager: Shutting down and abandoning module EpicSurvey (106)
[2015.11.27-12.19.54:244][ 25]LogModuleManager: Shutting down and abandoning module DesktopPlatform (105)
[2015.11.27-12.19.54:244][ 25]LogModuleManager: Shutting down and abandoning module VisualStudioSourceCodeAccess (104)
[2015.11.27-12.19.54:244][ 25]LogModuleManager: Shutting down and abandoning module UObjectPlugin (103)
[2015.11.27-12.19.54:244][ 25]LogModuleManager: Shutting down and abandoning module SubversionSourceControl (102)
[2015.11.27-12.19.54:245][ 25]LogModuleManager: Shutting down and abandoning module PerforceSourceControl (101)
[2015.11.27-12.19.54:245][ 25]LogModuleManager: Shutting down and abandoning module SourceControl (100)
[2015.11.27-12.19.54:245][ 25]LogModuleManager: Shutting down and abandoning module GitSourceControl (99)
[2015.11.27-12.19.54:245][ 25]LogModuleManager: Shutting down and abandoning module LightPropagationVolumeEditor (98)
[2015.11.27-12.19.54:245][ 25]LogModuleManager: Shutting down and abandoning module PaperTiledImporter (97)
[2015.11.27-12.19.54:245][ 25]LogModuleManager: Shutting down and abandoning module PaperSpriteSheetImporter (96)
[2015.11.27-12.19.54:245][ 25]LogModuleManager: Shutting down and abandoning module MeshPaint (95)
[2015.11.27-12.19.54:245][ 25]LogModuleManager: Shutting down and abandoning module SlateReflector (94)
[2015.11.27-12.19.54:245][ 25]LogModuleManager: Shutting down and abandoning module HotReload (93)
[2015.11.27-12.19.54:245][ 25]LogModuleManager: Shutting down and abandoning module MainFrame (92)
[2015.11.27-12.19.54:245][ 25]LogModuleManager: Shutting down and abandoning module LevelEditor (91)
[2015.11.27-12.19.54:248][ 25]LogModuleManager: Shutting down and abandoning module DirectoryWatcher (90)
[2015.11.27-12.19.54:250][ 25]LogModuleManager: Shutting down and abandoning module AssetRegistry (89)
[2015.11.27-12.19.54:360][ 25]LogModuleManager: Shutting down and abandoning module ContentBrowser (88)
[2015.11.27-12.19.54:361][ 25]LogModuleManager: Shutting down and abandoning module Paper2DEditor (87)
[2015.11.27-12.19.54:361][ 25]LogModuleManager: Shutting down and abandoning module SW_Project2 (86)
[2015.11.27-12.19.54:361][ 25]LogModuleManager: Shutting down and abandoning module UdpMessaging (85)
[2015.11.27-12.19.54:461][ 25]LogModuleManager: Shutting down and abandoning module LightPropagationVolumeRuntime (84)
[2015.11.27-12.19.54:461][ 25]LogModuleManager: Shutting down and abandoning module Paper2D (83)
[2015.11.27-12.19.54:461][ 25]LogModuleManager: Shutting down and abandoning module WindowsMoviePlayer (82)
[2015.11.27-12.19.54:469][ 25]LogModuleManager: Shutting down and abandoning module Media (81)
[2015.11.27-12.19.54:469][ 25]LogModuleManager: Shutting down and abandoning module WmfMedia (80)
[2015.11.27-12.19.54:469][ 25]LogModuleManager: Shutting down and abandoning module OnlineBlueprintSupport (79)
[2015.11.27-12.19.54:469][ 25]LogModuleManager: Shutting down and abandoning module GameplayTasksEditor (78)
[2015.11.27-12.19.54:469][ 25]LogModuleManager: Shutting down and abandoning module PropertyEditor (77)
[2015.11.27-12.19.54:469][ 25]LogModuleManager: Shutting down and abandoning module BehaviorTreeEditor (76)
[2015.11.27-12.19.54:469][ 25]LogModuleManager: Shutting down and abandoning module FunctionalTesting (75)
[2015.11.27-12.19.54:470][ 25]LogModuleManager: Shutting down and abandoning module CollisionAnalyzer (74)
[2015.11.27-12.19.54:470][ 25]LogModuleManager: Shutting down and abandoning module WorkspaceMenuStructure (73)
[2015.11.27-12.19.54:470][ 25]LogModuleManager: Shutting down and abandoning module MessageLog (72)
[2015.11.27-12.19.54:470][ 25]LogModuleManager: Shutting down and abandoning module Sequencer (71)
[2015.11.27-12.19.54:470][ 25]LogModuleManager: Shutting down and abandoning module AssetTools (70)
[2015.11.27-12.19.54:470][ 25]LogModuleManager: Shutting down and abandoning module UMGEditor (69)
[2015.11.27-12.19.54:470][ 25]LogModuleManager: Shutting down and abandoning module UMG (68)
[2015.11.27-12.19.54:470][ 25]LogModuleManager: Shutting down and abandoning module Slate (67)
[2015.11.27-12.19.54:470][ 25]LogModuleManager: Shutting down and abandoning module EditorStyle (66)
[2015.11.27-12.19.54:477][ 25]LogModuleManager: Shutting down and abandoning module SessionServices (65)
[2015.11.27-12.19.54:477][ 25]LogModuleManager: Shutting down and abandoning module SourceCodeAccess (64)
[2015.11.27-12.19.54:477][ 25]LogModuleManager: Shutting down and abandoning module HeadMountedDisplay (63)
[2015.11.27-12.19.54:477][ 25]LogModuleManager: Shutting down and abandoning module XAudio2 (62)
[2015.11.27-12.19.54:477][ 25]LogModuleManager: Shutting down and abandoning module Networking (60)
[2015.11.27-12.19.54:477][ 25]LogModuleManager: Shutting down and abandoning module Core (59)
[2015.11.27-12.19.54:477][ 25]LogModuleManager: Shutting down and abandoning module KismetCompiler (58)
[2015.11.27-12.19.54:477][ 25]LogModuleManager: Shutting down and abandoning module PhysXFormats (57)
[2015.11.27-12.19.54:477][ 25]LogModuleManager: Shutting down and abandoning module MeshUtilities (56)
[2015.11.27-12.19.54:477][ 25]LogModuleManager: Shutting down and abandoning module CookingStats (55)
[2015.11.27-12.19.54:478][ 25]LogModuleManager: Shutting down and abandoning module DerivedDataCache (54)
[2015.11.27-12.19.54:497][ 25]LogDerivedDataCache: Shutdown
[2015.11.27-12.19.54:497][ 25]LogModuleManager: Shutting down and abandoning module ShaderFormatOpenGL (53)
[2015.11.27-12.19.54:497][ 25]LogModuleManager: Shutting down and abandoning module ShaderFormatD3D (52)
[2015.11.27-12.19.54:497][ 25]LogModuleManager: Shutting down and abandoning module MetalShaderFormat (51)
[2015.11.27-12.19.54:497][ 25]LogModuleManager: Shutting down and abandoning module TextureFormatUncompressed (50)
[2015.11.27-12.19.54:497][ 25]LogModuleManager: Shutting down and abandoning module TextureFormatPVR (49)
[2015.11.27-12.19.54:497][ 25]LogModuleManager: Shutting down and abandoning module TextureFormatIntelISPCTexComp (48)
[2015.11.27-12.19.54:497][ 25]LogModuleManager: Shutting down and abandoning module TextureFormatDXT (47)
[2015.11.27-12.19.54:497][ 25]LogModuleManager: Shutting down and abandoning module ImageWrapper (46)
[2015.11.27-12.19.54:497][ 25]LogModuleManager: Shutting down and abandoning module TextureFormatASTC (45)
[2015.11.27-12.19.54:497][ 25]LogModuleManager: Shutting down and abandoning module TextureFormatAndroid (44)
[2015.11.27-12.19.54:497][ 25]LogModuleManager: Shutting down and abandoning module AudioFormatOpus (43)
[2015.11.27-12.19.54:497][ 25]LogModuleManager: Shutting down and abandoning module AudioFormatOgg (42)
[2015.11.27-12.19.54:497][ 25]LogModuleManager: Shutting down and abandoning module AudioFormatADPCM (41)
[2015.11.27-12.19.54:498][ 25]LogModuleManager: Shutting down and abandoning module LinuxTargetPlatform (40)
[2015.11.27-12.19.54:498][ 25]LogModuleManager: Shutting down and abandoning module LinuxServerTargetPlatform (39)
[2015.11.27-12.19.54:498][ 25]LogModuleManager: Shutting down and abandoning module LinuxNoEditorTargetPlatform (38)
[2015.11.27-12.19.54:498][ 25]LogModuleManager: Shutting down and abandoning module Messaging (37)
[2015.11.27-12.19.54:498][ 25]LogModuleManager: Shutting down and abandoning module IOSTargetPlatform (36)
[2015.11.27-12.19.54:498][ 25]LogModuleManager: Shutting down and abandoning module HTML5TargetPlatform (35)
[2015.11.27-12.19.54:498][ 25]LogModuleManager: Shutting down and abandoning module Android_PVRTCTargetPlatform (34)
[2015.11.27-12.19.54:498][ 25]LogModuleManager: Shutting down and abandoning module Android_ETC2TargetPlatform (33)
[2015.11.27-12.19.54:498][ 25]LogModuleManager: Shutting down and abandoning module Android_ETC1TargetPlatform (32)
[2015.11.27-12.19.54:498][ 25]LogModuleManager: Shutting down and abandoning module Android_DXTTargetPlatform (31)
[2015.11.27-12.19.54:498][ 25]LogModuleManager: Shutting down and abandoning module Android_ATCTargetPlatform (30)
[2015.11.27-12.19.54:498][ 25]LogModuleManager: Shutting down and abandoning module Android_ASTCTargetPlatform (29)
[2015.11.27-12.19.54:498][ 25]LogModuleManager: Shutting down and abandoning module AndroidTargetPlatform (28)
[2015.11.27-12.19.54:498][ 25]LogModuleManager: Shutting down and abandoning module WindowsTargetPlatform (27)
[2015.11.27-12.19.54:498][ 25]LogModuleManager: Shutting down and abandoning module WindowsServerTargetPlatform (26)
[2015.11.27-12.19.54:498][ 25]LogModuleManager: Shutting down and abandoning module WindowsNoEditorTargetPlatform (25)
[2015.11.27-12.19.54:498][ 25]LogModuleManager: Shutting down and abandoning module WindowsClientTargetPlatform (24)
[2015.11.27-12.19.54:498][ 25]LogModuleManager: Shutting down and abandoning module AllDesktopTargetPlatform (23)
[2015.11.27-12.19.54:498][ 25]LogModuleManager: Shutting down and abandoning module TargetPlatform (22)
[2015.11.27-12.19.54:498][ 25]LogModuleManager: Shutting down and abandoning module InputCore (21)
[2015.11.27-12.19.54:498][ 25]LogModuleManager: Shutting down and abandoning module Settings (20)
[2015.11.27-12.19.54:498][ 25]LogModuleManager: Shutting down and abandoning module OnlineSubsystem (18)
[2015.11.27-12.19.54:499][ 25]LogModuleManager: Shutting down and abandoning module HTTP (17)
[2015.11.27-12.19.56:500][ 25]LogModuleManager: Shutting down and abandoning module XMPP (16)
[2015.11.27-12.19.56:500][ 25]LogModuleManager: Shutting down and abandoning module ExampleDeviceProfileSelector (15)
[2015.11.27-12.19.56:500][ 25]LogModuleManager: Shutting down and abandoning module TextureCompressor (14)
[2015.11.27-12.19.56:500][ 25]LogModuleManager: Shutting down and abandoning module ShaderCore (13)
[2015.11.27-12.19.56:500][ 25]LogModuleManager: Shutting down and abandoning module Landscape (12)
[2015.11.27-12.19.56:500][ 25]LogModuleManager: Shutting down and abandoning module SlateRHIRenderer (11)
[2015.11.27-12.19.56:502][ 25]LogModuleManager: Shutting down and abandoning module OpenGLDrv (10)
[2015.11.27-12.19.56:502][ 25]LogModuleManager: Shutting down and abandoning module D3D11RHI (9)
[2015.11.27-12.19.56:502][ 25]LogModuleManager: Shutting down and abandoning module AnimGraphRuntime (8)
[2015.11.27-12.19.56:503][ 25]LogModuleManager: Shutting down and abandoning module Renderer (7)
[2015.11.27-12.19.56:503][ 25]LogModuleManager: Shutting down and abandoning module Engine (6)
[2015.11.27-12.19.56:503][ 25]LogModuleManager: Shutting down and abandoning module CoreUObject (5)
[2015.11.27-12.19.56:503][ 25]LogModuleManager: Shutting down and abandoning module NetworkFile (4)
[2015.11.27-12.19.56:503][ 25]LogModuleManager: Shutting down and abandoning module StreamingFile (3)
[2015.11.27-12.19.56:503][ 25]LogModuleManager: Shutting down and abandoning module SandboxFile (2)
[2015.11.27-12.19.56:503][ 25]LogModuleManager: Shutting down and abandoning module PakFile (1)
[2015.11.27-12.19.56:505][ 25]LogExit: Exiting.
[2015.11.27-12.19.56:509][ 25]Log file closed, 11/27/15 13:19:56
